Building DAG of jobs...
Using shell: /usr/bin/bash
Provided cores: 48
Rules claiming more threads will be scaled down.
Select jobs to execute...

[Thu Jan  4 10:58:06 2024]
rule CellCategories_cells_06_r:
    input: /home/nsteen/scripts/T1D_analysis/analysis/06_CellTypesIslet_cells_Islet.Rmd, /home/nsteen/scripts/T1D_analysis/docs/05_CellCategories_cells_Islet.html
    output: /home/nsteen/scripts/T1D_analysis/docs/06_CellTypesIslet_cells_Islet.html
    jobid: 0
    benchmark: benchmark/06_CellTypesIslet_cells_Islet.txt
    reason: Forced execution
    wildcards: panel=Islet
    threads: 48
    resources: mem_mb=247000, disk_mb=1000, tmpdir=/sctmp/nsteen, time=24:00:00

Rscript --vanilla -e 'rmarkdown::render("/home/nsteen/scripts/T1D_analysis/.snakemake/scripts/tmpdzd8bz_g.06_CellTypesIslet_cells_Islet.Rmd", output_file="/home/nsteen/scripts/T1D_analysis/docs/06_CellTypesIslet_cells_Islet.html", quiet=TRUE, knit_root_dir = "/home/nsteen/scripts/T1D_analysis", params = list(rmd="/home/nsteen/scripts/T1D_analysis/.snakemake/scripts/tmpdzd8bz_g.06_CellTypesIslet_cells_Islet.Rmd"))'
Activating singularity image /data/nsteen/singularity/sandbox
Not cleaning up /home/nsteen/scripts/T1D_analysis/.snakemake/scripts/tmpdzd8bz_g.06_CellTypesIslet_cells_Islet.Rmd
[Thu Jan  4 14:49:28 2024]
Finished job 0.
1 of 1 steps (100%) done
