Building DAG of jobs...
Using shell: /usr/bin/bash
Provided cores: 8
Rules claiming more threads will be scaled down.
Select jobs to execute...

[Fri Jul 25 09:05:21 2025]
rule CellCategories_cells_05_r:
    input: /home/nsteen/scripts/T1D_analysis/analysis/05_CellCategories_cells_Islet.Rmd, /home/nsteen/scripts/T1D_analysis/docs/04_QualityControl_cells_Islet.html
    output: /home/nsteen/scripts/T1D_analysis/docs/05_CellCategories_cells_Islet.html
    jobid: 0
    benchmark: /home/nsteen/scripts/T1D_analysis/benchmark/05_CellCategories_cells_Islet.txt
    reason: Forced execution
    wildcards: panel=Islet
    threads: 8
    resources: mem_mb=350000, disk_mb=1000, tmpdir=/sctmp/nsteen, time=24:00:00

Rscript --vanilla -e 'rmarkdown::render("/home/nsteen/scripts/T1D_analysis/.snakemake/scripts/tmpipww5heh.05_CellCategories_cells_Islet.Rmd", output_file="/home/nsteen/scripts/T1D_analysis/docs/05_CellCategories_cells_Islet.html", quiet=TRUE, knit_root_dir = "/home/nsteen/scripts/T1D_analysis", params = list(rmd="/home/nsteen/scripts/T1D_analysis/.snakemake/scripts/tmpipww5heh.05_CellCategories_cells_Islet.Rmd"))'
Activating singularity image /home/nsteen/data/singularity/sandbox/
 - point 10000 of 90879
 - point 20000 of 90879
 - point 30000 of 90879
 - point 40000 of 90879
 - point 50000 of 90879
 - point 60000 of 90879
 - point 70000 of 90879
 - point 80000 of 90879
 - point 90000 of 90879
 - point 10000 of 90879
 - point 20000 of 90879
 - point 30000 of 90879
 - point 40000 of 90879
 - point 50000 of 90879
 - point 60000 of 90879
 - point 70000 of 90879
 - point 80000 of 90879
 - point 90000 of 90879
 - point 10000 of 90879
 - point 20000 of 90879
 - point 30000 of 90879
 - point 40000 of 90879
 - point 50000 of 90879
 - point 60000 of 90879
 - point 70000 of 90879
 - point 80000 of 90879
 - point 90000 of 90879
Error in `map()`:
ℹ In index: 2.
ℹ With name: exprs.
Caused by error:
! subscript contains invalid names
Backtrace:
  1. purrr::walk(...)
  2. purrr::map(.x, .f, ..., .progress = .progress)
  3. purrr:::map_("list", .x, .f, ..., .progress = .progress)
  7. global .f(.x[[i]], ...)
  9. colData(sce_sub)[, optimal_col]
 11. S4Vectors::extractCOLS(x, j)
 12. S4Vectors::normalizeSingleBracketSubscript(i, xstub)
 14. S4Vectors::NSBS(...)
 15. S4Vectors:::.subscript_error("subscript contains invalid ", what)
 16. base::stop(wmsg(...), call. = FALSE)

Quitting from lines 575-592 [SNN-leiden-select] (/sctmp/nsteen/Rtmpnhri9x/tmpipww5heh.05_CellCategories_cells_Islet.Rmd)
Execution halted
Not cleaning up /home/nsteen/scripts/T1D_analysis/.snakemake/scripts/tmpipww5heh.05_CellCategories_cells_Islet.Rmd
[Fri Jul 25 09:24:43 2025]
Error in rule CellCategories_cells_05_r:
    jobid: 0
    output: /home/nsteen/scripts/T1D_analysis/docs/05_CellCategories_cells_Islet.html

RuleException:
CalledProcessError in line 134 of /home/nsteen/scripts/T1D_analysis/workflow/Snakefile:
Command ' singularity  exec --home /home/nsteen/scripts/T1D_analysis --bind /home/nsteen/scripts/T1D_analysis:/home/nsteen/scripts/T1D_analysis,/scratch/nsteen/processing:/home/processing,/scratch/nsteen/T1D_preprocessing:/scratch/nsteen/T1D_preprocessing,/data/nsteen:/data/nsteen /home/nsteen/data/singularity/sandbox/ bash -c 'set -euo pipefail;  Rscript --vanilla -e '\''rmarkdown::render("/home/nsteen/scripts/T1D_analysis/.snakemake/scripts/tmpipww5heh.05_CellCategories_cells_Islet.Rmd", output_file="/home/nsteen/scripts/T1D_analysis/docs/05_CellCategories_cells_Islet.html", quiet=TRUE, knit_root_dir = "/home/nsteen/scripts/T1D_analysis", params = list(rmd="/home/nsteen/scripts/T1D_analysis/.snakemake/scripts/tmpipww5heh.05_CellCategories_cells_Islet.Rmd"))'\'''' returned non-zero exit status 1.
  File "/home/nsteen/scripts/T1D_analysis/workflow/Snakefile", line 134, in __rule_CellCategories_cells_05_r
  File "/home/nsteen/data/conda/envs/snakemake_cluster/lib/python3.10/concurrent/futures/thread.py", line 58, in run
Shutting down, this might take some time.
Exiting because a job execution failed. Look above for error message
