Building DAG of jobs...
Using shell: /usr/bin/bash
Provided cores: 48
Rules claiming more threads will be scaled down.
Select jobs to execute...

[Tue Nov 14 19:11:48 2023]
rule CellCategories_cells_05_r:
    input: /home/nsteen/scripts/T1D_analysis/analysis/05_CellCategories_cells_Islet.Rmd, /home/nsteen/scripts/T1D_analysis/docs/04_QualityControl_cells_Islet.html
    output: /home/nsteen/scripts/T1D_analysis/docs/05_CellCategories_cells_Islet.html
    jobid: 0
    benchmark: benchmark/05_CellCategories_cells_Islet.txt
    reason: Forced execution
    wildcards: panel=Islet
    threads: 48
    resources: mem_mb=350000, disk_mb=1000, tmpdir=/sctmp/nsteen, time=24:00:00

Rscript --vanilla -e 'rmarkdown::render("/home/nsteen/scripts/T1D_analysis/.snakemake/scripts/tmpzjvut2fo.05_CellCategories_cells_Islet.Rmd", output_file="/home/nsteen/scripts/T1D_analysis/docs/05_CellCategories_cells_Islet.html", quiet=TRUE, knit_root_dir = "/home/nsteen/scripts/T1D_analysis", params = list(rmd="/home/nsteen/scripts/T1D_analysis/.snakemake/scripts/tmpzjvut2fo.05_CellCategories_cells_Islet.Rmd"))'
Activating singularity image /data/nsteen/singularity/sandbox

Quitting from lines 330-335 [load-data] (/sctmp/nsteen/RtmpAkfJkr/tmpzjvut2fo.05_CellCategories_cells_Islet.Rmd)
Error in `gzfile()`:
! cannot open the connection
Backtrace:
 1. base::readRDS(fn_spe)
 2. base::gzfile(file, "rb")
Execution halted
Not cleaning up /home/nsteen/scripts/T1D_analysis/.snakemake/scripts/tmpzjvut2fo.05_CellCategories_cells_Islet.Rmd
[Tue Nov 14 19:12:01 2023]
Error in rule CellCategories_cells_05_r:
    jobid: 0
    output: /home/nsteen/scripts/T1D_analysis/docs/05_CellCategories_cells_Islet.html

RuleException:
CalledProcessError in line 104 of /home/nsteen/scripts/T1D_analysis/workflow/Snakefile:
Command ' singularity  exec --home /home/nsteen/scripts/T1D_analysis --bind /scratch/nsteen/processing:/home/processing,/scratch/nsteen/T1D_preprocessing:/scratch/nsteen/T1D_preprocessing,/data/nsteen:/data/nsteen /data/nsteen/singularity/sandbox bash -c 'set -euo pipefail;  Rscript --vanilla -e '\''rmarkdown::render("/home/nsteen/scripts/T1D_analysis/.snakemake/scripts/tmpzjvut2fo.05_CellCategories_cells_Islet.Rmd", output_file="/home/nsteen/scripts/T1D_analysis/docs/05_CellCategories_cells_Islet.html", quiet=TRUE, knit_root_dir = "/home/nsteen/scripts/T1D_analysis", params = list(rmd="/home/nsteen/scripts/T1D_analysis/.snakemake/scripts/tmpzjvut2fo.05_CellCategories_cells_Islet.Rmd"))'\'''' returned non-zero exit status 1.
  File "/home/nsteen/scripts/T1D_analysis/workflow/Snakefile", line 104, in __rule_CellCategories_cells_05_r
  File "/home/nsteen/data/conda/envs/snakemake_cluster/lib/python3.10/concurrent/futures/thread.py", line 58, in run
Shutting down, this might take some time.
Exiting because a job execution failed. Look above for error message
