Building DAG of jobs...
Using shell: /usr/bin/bash
Provided cores: 48
Rules claiming more threads will be scaled down.
Select jobs to execute...

[Thu Jan  4 14:54:14 2024]
rule CellCategories_cells_08_r:
    input: /home/nsteen/scripts/T1D_analysis/analysis/08_CellTypesNonIslet_cells_Islet.Rmd, /home/nsteen/scripts/T1D_analysis/docs/06_CellTypesIslet_cells_Islet.html
    output: /home/nsteen/scripts/T1D_analysis/docs/08_CellTypesNonIslet_cells_Islet.html
    jobid: 0
    benchmark: benchmark/08_CellTypesNonIslet_cells_Islet.txt
    reason: Forced execution
    wildcards: panel=Islet
    threads: 48
    resources: mem_mb=247000, disk_mb=1000, tmpdir=/sctmp/nsteen, time=24:00:00

Rscript --vanilla -e 'rmarkdown::render("/home/nsteen/scripts/T1D_analysis/.snakemake/scripts/tmp78_bez82.08_CellTypesNonIslet_cells_Islet.Rmd", output_file="/home/nsteen/scripts/T1D_analysis/docs/08_CellTypesNonIslet_cells_Islet.html", quiet=TRUE, knit_root_dir = "/home/nsteen/scripts/T1D_analysis", params = list(rmd="/home/nsteen/scripts/T1D_analysis/.snakemake/scripts/tmp78_bez82.08_CellTypesNonIslet_cells_Islet.Rmd"))'
Activating singularity image /data/nsteen/singularity/sandbox
 - point 10001 of 186724
 - point 20000 of 186724
 - point 30000 of 186724
 - point 40000 of 186724
 - point 50000 of 186724
 - point 60000 of 186724
 - point 70000 of 186724
 - point 80000 of 186724
 - point 90000 of 186724
 - point 100000 of 186724
 - point 110000 of 186724
 - point 120000 of 186724
 - point 130001 of 186724
 - point 140000 of 186724
 - point 150000 of 186724
 - point 160000 of 186724
 - point 170000 of 186724
 - point 180000 of 186724
 - point 10000 of 186724
 - point 20000 of 186724
 - point 30000 of 186724
 - point 40000 of 186724
 - point 50000 of 186724
 - point 60001 of 186724
 - point 70000 of 186724
 - point 80000 of 186724
 - point 90000 of 186724
 - point 100000 of 186724
 - point 110000 of 186724
 - point 120000 of 186724
 - point 130000 of 186724
 - point 140000 of 186724
 - point 150000 of 186724
 - point 160000 of 186724
 - point 170000 of 186724
 - point 180001 of 186724

Quitting from lines 824-866 [heatmap-clusters-markers] (/sctmp/nsteen/RtmpThsbic/tmp78_bez82.08_CellTypesNonIslet_cells_Islet.Rmd)
Error in `names(assay_sel) <- c("counts", "counts", "scaled")`:
! 'names' attribute [3] must be the same length as the vector [2]
Execution halted
Not cleaning up /home/nsteen/scripts/T1D_analysis/.snakemake/scripts/tmp78_bez82.08_CellTypesNonIslet_cells_Islet.Rmd
[Thu Jan  4 18:02:21 2024]
Error in rule CellCategories_cells_08_r:
    jobid: 0
    output: /home/nsteen/scripts/T1D_analysis/docs/08_CellTypesNonIslet_cells_Islet.html

RuleException:
CalledProcessError in line 136 of /home/nsteen/scripts/T1D_analysis/workflow/Snakefile:
Command ' singularity  exec --home /home/nsteen/scripts/T1D_analysis --bind /scratch/nsteen/processing:/home/processing,/scratch/nsteen/T1D_preprocessing:/scratch/nsteen/T1D_preprocessing,/data/nsteen:/data/nsteen /data/nsteen/singularity/sandbox bash -c 'set -euo pipefail;  Rscript --vanilla -e '\''rmarkdown::render("/home/nsteen/scripts/T1D_analysis/.snakemake/scripts/tmp78_bez82.08_CellTypesNonIslet_cells_Islet.Rmd", output_file="/home/nsteen/scripts/T1D_analysis/docs/08_CellTypesNonIslet_cells_Islet.html", quiet=TRUE, knit_root_dir = "/home/nsteen/scripts/T1D_analysis", params = list(rmd="/home/nsteen/scripts/T1D_analysis/.snakemake/scripts/tmp78_bez82.08_CellTypesNonIslet_cells_Islet.Rmd"))'\'''' returned non-zero exit status 1.
  File "/home/nsteen/scripts/T1D_analysis/workflow/Snakefile", line 136, in __rule_CellCategories_cells_08_r
  File "/home/nsteen/data/conda/envs/snakemake_cluster/lib/python3.10/concurrent/futures/thread.py", line 58, in run
Shutting down, this might take some time.
Exiting because a job execution failed. Look above for error message
