Building DAG of jobs...
Using shell: /usr/bin/bash
Provided cores: 48
Rules claiming more threads will be scaled down.
Select jobs to execute...

[Mon Jan  8 19:55:41 2024]
rule CellCategories_cells_06_r:
    input: /home/nsteen/scripts/T1D_analysis/analysis/06_CellTypesIslet_cells_Islet.Rmd, /home/nsteen/scripts/T1D_analysis/docs/05_CellCategories_cells_Islet.html
    output: /home/nsteen/scripts/T1D_analysis/docs/06_CellTypesIslet_cells_Islet.html
    jobid: 0
    benchmark: benchmark/06_CellTypesIslet_cells_Islet.txt
    reason: Forced execution
    wildcards: panel=Islet
    threads: 48
    resources: mem_mb=247000, disk_mb=1000, tmpdir=/sctmp/nsteen, time=24:00:00

Rscript --vanilla -e 'rmarkdown::render("/home/nsteen/scripts/T1D_analysis/.snakemake/scripts/tmprkbf7ikx.06_CellTypesIslet_cells_Islet.Rmd", output_file="/home/nsteen/scripts/T1D_analysis/docs/06_CellTypesIslet_cells_Islet.html", quiet=TRUE, knit_root_dir = "/home/nsteen/scripts/T1D_analysis", params = list(rmd="/home/nsteen/scripts/T1D_analysis/.snakemake/scripts/tmprkbf7ikx.06_CellTypesIslet_cells_Islet.Rmd"))'
Activating singularity image /data/nsteen/singularity/sandbox

Quitting from lines 888-926 [consensus-viz-load] (/sctmp/nsteen/Rtmpg538r2/tmprkbf7ikx.06_CellTypesIslet_cells_Islet.Rmd)
Error in `h()`:
! error in evaluating the argument 'x' in selecting a method for function 'sort': invalid first argument
Backtrace:
 1. BiocGenerics::sort(...)
 4. base::.handleSimpleError(...)
 5. base (local) h(simpleError(msg, call))
Execution halted
Not cleaning up /home/nsteen/scripts/T1D_analysis/.snakemake/scripts/tmprkbf7ikx.06_CellTypesIslet_cells_Islet.Rmd
[Mon Jan  8 23:08:05 2024]
Error in rule CellCategories_cells_06_r:
    jobid: 0
    output: /home/nsteen/scripts/T1D_analysis/docs/06_CellTypesIslet_cells_Islet.html

RuleException:
CalledProcessError in line 120 of /home/nsteen/scripts/T1D_analysis/workflow/Snakefile:
Command ' singularity  exec --home /home/nsteen/scripts/T1D_analysis --bind /scratch/nsteen/processing:/home/processing,/scratch/nsteen/T1D_preprocessing:/scratch/nsteen/T1D_preprocessing,/data/nsteen:/data/nsteen /data/nsteen/singularity/sandbox bash -c 'set -euo pipefail;  Rscript --vanilla -e '\''rmarkdown::render("/home/nsteen/scripts/T1D_analysis/.snakemake/scripts/tmprkbf7ikx.06_CellTypesIslet_cells_Islet.Rmd", output_file="/home/nsteen/scripts/T1D_analysis/docs/06_CellTypesIslet_cells_Islet.html", quiet=TRUE, knit_root_dir = "/home/nsteen/scripts/T1D_analysis", params = list(rmd="/home/nsteen/scripts/T1D_analysis/.snakemake/scripts/tmprkbf7ikx.06_CellTypesIslet_cells_Islet.Rmd"))'\'''' returned non-zero exit status 1.
  File "/home/nsteen/scripts/T1D_analysis/workflow/Snakefile", line 120, in __rule_CellCategories_cells_06_r
  File "/home/nsteen/data/conda/envs/snakemake_cluster/lib/python3.10/concurrent/futures/thread.py", line 58, in run
Shutting down, this might take some time.
Exiting because a job execution failed. Look above for error message
