Building DAG of jobs...
Using shell: /usr/bin/bash
Provided cores: 8
Rules claiming more threads will be scaled down.
Select jobs to execute...

[Fri Jul 25 12:23:49 2025]
rule CellCategories_cells_05_r:
    input: /home/nsteen/scripts/T1D_analysis/analysis/05_CellCategories_cells_Islet.Rmd, /home/nsteen/scripts/T1D_analysis/docs/04_QualityControl_cells_Islet.html
    output: /home/nsteen/scripts/T1D_analysis/docs/05_CellCategories_cells_Islet.html
    jobid: 0
    benchmark: /home/nsteen/scripts/T1D_analysis/benchmark/05_CellCategories_cells_Islet.txt
    reason: Forced execution
    wildcards: panel=Islet
    threads: 8
    resources: mem_mb=350000, disk_mb=1000, tmpdir=/sctmp/nsteen, time=24:00:00

Rscript --vanilla -e 'rmarkdown::render("/home/nsteen/scripts/T1D_analysis/.snakemake/scripts/tmpl4uxdva7.05_CellCategories_cells_Islet.Rmd", output_file="/home/nsteen/scripts/T1D_analysis/docs/05_CellCategories_cells_Islet.html", quiet=TRUE, knit_root_dir = "/home/nsteen/scripts/T1D_analysis", params = list(rmd="/home/nsteen/scripts/T1D_analysis/.snakemake/scripts/tmpl4uxdva7.05_CellCategories_cells_Islet.Rmd"))'
Activating singularity image /home/nsteen/data/singularity/sandbox/
 - point 10000 of 90879
 - point 20000 of 90879
 - point 30000 of 90879
 - point 40000 of 90879
 - point 50000 of 90879
 - point 60000 of 90879
 - point 70000 of 90879
 - point 80000 of 90879
 - point 90000 of 90879
 - point 10000 of 90879
 - point 20000 of 90879
 - point 30000 of 90879
 - point 40000 of 90879
 - point 50000 of 90879
 - point 60000 of 90879
 - point 70000 of 90879
 - point 80000 of 90879
 - point 90000 of 90879
Error in `h()`:
! error in evaluating the argument 'x' in selecting a method for function 'getChannels': object 'images' not found
Backtrace:
 1. cytomapper::getChannels(images, channels_view)
 2. base::.handleSimpleError(...)
 3. base (local) h(simpleError(msg, call))

Quitting from lines 971-975 [r-alter-channels] (/sctmp/nsteen/RtmpXWMCiz/tmpl4uxdva7.05_CellCategories_cells_Islet.Rmd)
Execution halted
Not cleaning up /home/nsteen/scripts/T1D_analysis/.snakemake/scripts/tmpl4uxdva7.05_CellCategories_cells_Islet.Rmd
[Fri Jul 25 13:44:57 2025]
Error in rule CellCategories_cells_05_r:
    jobid: 0
    output: /home/nsteen/scripts/T1D_analysis/docs/05_CellCategories_cells_Islet.html

RuleException:
CalledProcessError in line 134 of /home/nsteen/scripts/T1D_analysis/workflow/Snakefile:
Command ' singularity  exec --home /home/nsteen/scripts/T1D_analysis --bind /home/nsteen/scripts/T1D_analysis:/home/nsteen/scripts/T1D_analysis,/scratch/nsteen/processing:/home/processing,/scratch/nsteen/T1D_preprocessing:/scratch/nsteen/T1D_preprocessing,/data/nsteen:/data/nsteen /home/nsteen/data/singularity/sandbox/ bash -c 'set -euo pipefail;  Rscript --vanilla -e '\''rmarkdown::render("/home/nsteen/scripts/T1D_analysis/.snakemake/scripts/tmpl4uxdva7.05_CellCategories_cells_Islet.Rmd", output_file="/home/nsteen/scripts/T1D_analysis/docs/05_CellCategories_cells_Islet.html", quiet=TRUE, knit_root_dir = "/home/nsteen/scripts/T1D_analysis", params = list(rmd="/home/nsteen/scripts/T1D_analysis/.snakemake/scripts/tmpl4uxdva7.05_CellCategories_cells_Islet.Rmd"))'\'''' returned non-zero exit status 1.
  File "/home/nsteen/scripts/T1D_analysis/workflow/Snakefile", line 134, in __rule_CellCategories_cells_05_r
  File "/home/nsteen/data/conda/envs/snakemake_cluster/lib/python3.10/concurrent/futures/thread.py", line 58, in run
Shutting down, this might take some time.
Exiting because a job execution failed. Look above for error message
