Building DAG of jobs...
Using shell: /usr/bin/bash
Provided cores: 48
Rules claiming more threads will be scaled down.
Select jobs to execute...

[Wed Jan  3 15:56:30 2024]
rule CellCategories_cells_08_r:
    input: /home/nsteen/scripts/T1D_analysis/analysis/08_CellTypesNonIslet_cells_Islet.Rmd, /home/nsteen/scripts/T1D_analysis/docs/06_CellTypesIslet_cells_Islet.html
    output: /home/nsteen/scripts/T1D_analysis/docs/08_CellTypesNonIslet_cells_Islet.html
    jobid: 0
    benchmark: benchmark/08_CellTypesNonIslet_cells_Islet.txt
    reason: Forced execution
    wildcards: panel=Islet
    threads: 48
    resources: mem_mb=247000, disk_mb=1000, tmpdir=/sctmp/nsteen, time=24:00:00

Rscript --vanilla -e 'rmarkdown::render("/home/nsteen/scripts/T1D_analysis/.snakemake/scripts/tmpbi6gz3o3.08_CellTypesNonIslet_cells_Islet.Rmd", output_file="/home/nsteen/scripts/T1D_analysis/docs/08_CellTypesNonIslet_cells_Islet.html", quiet=TRUE, knit_root_dir = "/home/nsteen/scripts/T1D_analysis", params = list(rmd="/home/nsteen/scripts/T1D_analysis/.snakemake/scripts/tmpbi6gz3o3.08_CellTypesNonIslet_cells_Islet.Rmd"))'
Activating singularity image /data/nsteen/singularity/sandbox
 - point 10000 of 186724
 - point 20000 of 186724
 - point 30000 of 186724
 - point 40000 of 186724
 - point 50000 of 186724
 - point 60000 of 186724
 - point 70000 of 186724
 - point 80000 of 186724
 - point 90000 of 186724
 - point 100000 of 186724
 - point 110000 of 186724
 - point 120000 of 186724
 - point 130000 of 186724
 - point 140000 of 186724
 - point 150000 of 186724
 - point 160000 of 186724
 - point 170000 of 186724
 - point 180000 of 186724
 - point 10001 of 186724
 - point 20000 of 186724
 - point 30000 of 186724
 - point 40001 of 186724
 - point 50000 of 186724
 - point 60000 of 186724
 - point 70000 of 186724
 - point 80000 of 186724
 - point 90000 of 186724
 - point 100000 of 186724
 - point 110000 of 186724
 - point 120000 of 186724
 - point 130000 of 186724
 - point 140000 of 186724
 - point 150001 of 186724
 - point 160000 of 186724
 - point 170001 of 186724
 - point 180000 of 186724
 - point 10000 of 186724
 - point 20000 of 186724
 - point 30000 of 186724
 - point 40000 of 186724
 - point 50001 of 186724
 - point 60000 of 186724
 - point 70000 of 186724
 - point 80000 of 186724
 - point 90000 of 186724
 - point 100000 of 186724
 - point 110000 of 186724
 - point 120000 of 186724
 - point 130000 of 186724
 - point 140001 of 186724
 - point 150000 of 186724
 - point 160000 of 186724
 - point 170000 of 186724
 - point 180000 of 186724

Quitting from lines 637-670 [random-forest-compare] (/sctmp/nsteen/RtmpSvYPop/tmpbi6gz3o3.08_CellTypesNonIslet_cells_Islet.Rmd)
Error in `map()`:
ℹ In index: 1.
ℹ With name: exprs.
Caused by error in `map()`:
ℹ In index: 2.
Caused by error in `h()`:
! error in evaluating the argument 'x' in selecting a method for function 'nrow': error in evaluating the argument 'x' in selecting a method for function 'unique': undefined columns selected
Backtrace:
  1. purrr::walk(...)
 23. base::.handleSimpleError(...)
 24. base (local) h(simpleError(msg, call))
Execution halted
Not cleaning up /home/nsteen/scripts/T1D_analysis/.snakemake/scripts/tmpbi6gz3o3.08_CellTypesNonIslet_cells_Islet.Rmd
[Wed Jan  3 18:08:15 2024]
Error in rule CellCategories_cells_08_r:
    jobid: 0
    output: /home/nsteen/scripts/T1D_analysis/docs/08_CellTypesNonIslet_cells_Islet.html

RuleException:
CalledProcessError in line 136 of /home/nsteen/scripts/T1D_analysis/workflow/Snakefile:
Command ' singularity  exec --home /home/nsteen/scripts/T1D_analysis --bind /scratch/nsteen/processing:/home/processing,/scratch/nsteen/T1D_preprocessing:/scratch/nsteen/T1D_preprocessing,/data/nsteen:/data/nsteen /data/nsteen/singularity/sandbox bash -c 'set -euo pipefail;  Rscript --vanilla -e '\''rmarkdown::render("/home/nsteen/scripts/T1D_analysis/.snakemake/scripts/tmpbi6gz3o3.08_CellTypesNonIslet_cells_Islet.Rmd", output_file="/home/nsteen/scripts/T1D_analysis/docs/08_CellTypesNonIslet_cells_Islet.html", quiet=TRUE, knit_root_dir = "/home/nsteen/scripts/T1D_analysis", params = list(rmd="/home/nsteen/scripts/T1D_analysis/.snakemake/scripts/tmpbi6gz3o3.08_CellTypesNonIslet_cells_Islet.Rmd"))'\'''' returned non-zero exit status 1.
  File "/home/nsteen/scripts/T1D_analysis/workflow/Snakefile", line 136, in __rule_CellCategories_cells_08_r
  File "/home/nsteen/data/conda/envs/snakemake_cluster/lib/python3.10/concurrent/futures/thread.py", line 58, in run
Shutting down, this might take some time.
Exiting because a job execution failed. Look above for error message
