Building DAG of jobs...
Using shell: /usr/bin/bash
Provided cores: 48
Rules claiming more threads will be scaled down.
Select jobs to execute...

[Fri Dec 22 09:24:16 2023]
rule CellCategories_cells_05_r:
    input: /home/nsteen/scripts/T1D_analysis/analysis/05_CellCategories_cells_Islet.Rmd, /home/nsteen/scripts/T1D_analysis/docs/04_QualityControl_cells_Islet.html
    output: /home/nsteen/scripts/T1D_analysis/docs/05_CellCategories_cells_Islet.html
    jobid: 0
    benchmark: benchmark/05_CellCategories_cells_Islet.txt
    reason: Forced execution
    wildcards: panel=Islet
    threads: 48
    resources: mem_mb=350000, disk_mb=1000, tmpdir=/sctmp/nsteen, time=24:00:00

Rscript --vanilla -e 'rmarkdown::render("/home/nsteen/scripts/T1D_analysis/.snakemake/scripts/tmpr53h4w4r.05_CellCategories_cells_Islet.Rmd", output_file="/home/nsteen/scripts/T1D_analysis/docs/05_CellCategories_cells_Islet.html", quiet=TRUE, knit_root_dir = "/home/nsteen/scripts/T1D_analysis", params = list(rmd="/home/nsteen/scripts/T1D_analysis/.snakemake/scripts/tmpr53h4w4r.05_CellCategories_cells_Islet.Rmd"))'
Activating singularity image /data/nsteen/singularity/sandbox
 - point 10000 of 90980
 - point 20000 of 90980
 - point 30000 of 90980
 - point 40000 of 90980
 - point 50000 of 90980
 - point 60000 of 90980
 - point 70000 of 90980
 - point 80000 of 90980
 - point 90000 of 90980
 - point 10000 of 90980
 - point 20000 of 90980
 - point 30000 of 90980
 - point 40000 of 90980
 - point 50000 of 90980
 - point 60000 of 90980
 - point 70000 of 90980
 - point 80000 of 90980
 - point 90000 of 90980
 - point 10000 of 90980
 - point 20000 of 90980
 - point 30000 of 90980
 - point 40000 of 90980
 - point 50000 of 90980
 - point 60000 of 90980
 - point 70000 of 90980
 - point 80000 of 90980
 - point 90000 of 90980
Could not fetch https://github.com/workflowr/workflowr-assets/raw/main/img/reproducible.png
HttpExceptionRequest Request {
  host                 = "github.com"
  port                 = 443
  secure               = True
  requestHeaders       = []
  path                 = "/workflowr/workflowr-assets/raw/main/img/reproducible.png"
  queryString          = ""
  method               = "GET"
  proxy                = Just (Proxy {proxyHost = "wtp.hydra", proxyPort = 8080})
  rawBody              = False
  redirectCount        = 10
  responseTimeout      = ResponseTimeoutDefault
  requestVersion       = HTTP/1.1
}
 ConnectionTimeout
Error: pandoc document conversion failed with error 61
Execution halted
Not cleaning up /home/nsteen/scripts/T1D_analysis/.snakemake/scripts/tmpr53h4w4r.05_CellCategories_cells_Islet.Rmd
[Fri Dec 22 11:16:10 2023]
Error in rule CellCategories_cells_05_r:
    jobid: 0
    output: /home/nsteen/scripts/T1D_analysis/docs/05_CellCategories_cells_Islet.html

RuleException:
CalledProcessError in line 104 of /home/nsteen/scripts/T1D_analysis/workflow/Snakefile:
Command ' singularity  exec --home /home/nsteen/scripts/T1D_analysis --bind /scratch/nsteen/processing:/home/processing,/scratch/nsteen/T1D_preprocessing:/scratch/nsteen/T1D_preprocessing,/data/nsteen:/data/nsteen /data/nsteen/singularity/sandbox bash -c 'set -euo pipefail;  Rscript --vanilla -e '\''rmarkdown::render("/home/nsteen/scripts/T1D_analysis/.snakemake/scripts/tmpr53h4w4r.05_CellCategories_cells_Islet.Rmd", output_file="/home/nsteen/scripts/T1D_analysis/docs/05_CellCategories_cells_Islet.html", quiet=TRUE, knit_root_dir = "/home/nsteen/scripts/T1D_analysis", params = list(rmd="/home/nsteen/scripts/T1D_analysis/.snakemake/scripts/tmpr53h4w4r.05_CellCategories_cells_Islet.Rmd"))'\'''' returned non-zero exit status 1.
  File "/home/nsteen/scripts/T1D_analysis/workflow/Snakefile", line 104, in __rule_CellCategories_cells_05_r
  File "/home/nsteen/data/conda/envs/snakemake_cluster/lib/python3.10/concurrent/futures/thread.py", line 58, in run
Shutting down, this might take some time.
Exiting because a job execution failed. Look above for error message
