Building DAG of jobs...
Using shell: /usr/bin/bash
Provided cores: 8
Rules claiming more threads will be scaled down.
Select jobs to execute...

[Wed Mar 20 11:19:15 2024]
rule ImportData_cells_01_r:
    input: /home/nsteen/scripts/T1D_analysis/analysis/01_ImportData_cells_Immune.Rmd, /home/nsteen/scripts/T1D_analysis/analysis/helpers.R, /scratch/nsteen/processing/txt_output/05_ImageRegistration.out
    output: /home/nsteen/scripts/T1D_analysis/docs/01_ImportData_cells_Immune.html
    jobid: 0
    benchmark: /home/nsteen/scripts/T1D_analysis/benchmark/01_ImportData_cells_Immune.txt
    reason: Forced execution
    wildcards: panel=Immune
    threads: 8
    resources: mem_mb=170000, disk_mb=1000, tmpdir=/sctmp/nsteen, time=5:00:00

Rscript --vanilla -e 'rmarkdown::render("/home/nsteen/scripts/T1D_analysis/.snakemake/scripts/tmp8ze68y_i.01_ImportData_cells_Immune.Rmd", output_file="/home/nsteen/scripts/T1D_analysis/docs/01_ImportData_cells_Immune.html", quiet=TRUE, knit_root_dir = "/home/nsteen/scripts/T1D_analysis", params = list(rmd="/home/nsteen/scripts/T1D_analysis/.snakemake/scripts/tmp8ze68y_i.01_ImportData_cells_Immune.Rmd"))'
Activating singularity image /home/nsteen/data/singularity/sandbox/

Quitting from lines 452-475 [read-data] (/sctmp/nsteen/RtmpwMHgxz/tmp8ze68y_i.01_ImportData_cells_Immune.Rmd)
Error in `.valid.read_steinbock.input()`:
! 'intensities_folder' doesn't exist.
Backtrace:
 1. imcRtools::read_steinbock(...)
 2. imcRtools:::.valid.read_steinbock.input(...)
Execution halted
Not cleaning up /home/nsteen/scripts/T1D_analysis/.snakemake/scripts/tmp8ze68y_i.01_ImportData_cells_Immune.Rmd
[Wed Mar 20 11:19:36 2024]
Error in rule ImportData_cells_01_r:
    jobid: 0
    output: /home/nsteen/scripts/T1D_analysis/docs/01_ImportData_cells_Immune.html

RuleException:
CalledProcessError in line 55 of /home/nsteen/scripts/T1D_analysis/workflow/Snakefile:
Command ' singularity  exec --home /home/nsteen/scripts/T1D_analysis --bind /home/nsteen/scripts/T1D_analysis:/home/nsteen/scripts/T1D_analysis,/scratch/nsteen/processing:/home/processing,/scratch/nsteen/T1D_preprocessing:/scratch/nsteen/T1D_preprocessing,/data/nsteen:/data/nsteen /home/nsteen/data/singularity/sandbox/ bash -c 'set -euo pipefail;  Rscript --vanilla -e '\''rmarkdown::render("/home/nsteen/scripts/T1D_analysis/.snakemake/scripts/tmp8ze68y_i.01_ImportData_cells_Immune.Rmd", output_file="/home/nsteen/scripts/T1D_analysis/docs/01_ImportData_cells_Immune.html", quiet=TRUE, knit_root_dir = "/home/nsteen/scripts/T1D_analysis", params = list(rmd="/home/nsteen/scripts/T1D_analysis/.snakemake/scripts/tmp8ze68y_i.01_ImportData_cells_Immune.Rmd"))'\'''' returned non-zero exit status 1.
  File "/home/nsteen/scripts/T1D_analysis/workflow/Snakefile", line 55, in __rule_ImportData_cells_01_r
  File "/home/nsteen/data/conda/envs/snakemake_cluster/lib/python3.10/concurrent/futures/thread.py", line 58, in run
Shutting down, this might take some time.
Exiting because a job execution failed. Look above for error message
