Building DAG of jobs...
Using shell: /usr/bin/bash
Provided cores: 8
Rules claiming more threads will be scaled down.
Select jobs to execute...

[Mon Jul 14 08:27:35 2025]
rule ImportData_cells_01_r:
    input: /home/nsteen/scripts/T1D_analysis/analysis/01_ImportData_cells_Islet.Rmd, /scratch/nsteen/processing/txt_output/05_ImageRegistration.out
    output: /home/nsteen/scripts/T1D_analysis/docs/01_ImportData_cells_Islet.html
    jobid: 0
    benchmark: /home/nsteen/scripts/T1D_analysis/benchmark/01_ImportData_cells_Islet.txt
    reason: Forced execution
    wildcards: panel=Islet
    threads: 8
    resources: mem_mb=170000, disk_mb=1000, tmpdir=/sctmp/nsteen, time=5:00:00

Rscript --vanilla -e 'rmarkdown::render("/home/nsteen/scripts/T1D_analysis/.snakemake/scripts/tmpzhulw5h4.01_ImportData_cells_Islet.Rmd", output_file="/home/nsteen/scripts/T1D_analysis/docs/01_ImportData_cells_Islet.html", quiet=TRUE, knit_root_dir = "/home/nsteen/scripts/T1D_analysis", params = list(rmd="/home/nsteen/scripts/T1D_analysis/.snakemake/scripts/tmpzhulw5h4.01_ImportData_cells_Islet.Rmd"))'
Activating singularity image /home/nsteen/data/singularity/sandbox/
Not cleaning up /home/nsteen/scripts/T1D_analysis/.snakemake/scripts/tmpzhulw5h4.01_ImportData_cells_Islet.Rmd
[Mon Jul 14 09:21:51 2025]
Finished job 0.
1 of 1 steps (100%) done
