Building DAG of jobs...
Using shell: /usr/bin/bash
Provided cores: 8
Rules claiming more threads will be scaled down.
Select jobs to execute...

[Wed Mar 20 12:59:06 2024]
rule ImportData_cells_01_r:
    input: /home/nsteen/scripts/T1D_analysis/analysis/01_ImportData_cells_Islet.Rmd, /home/nsteen/scripts/T1D_analysis/analysis/helpers.R, /scratch/nsteen/processing/txt_output/05_ImageRegistration.out
    output: /home/nsteen/scripts/T1D_analysis/docs/01_ImportData_cells_Islet.html
    jobid: 0
    benchmark: /home/nsteen/scripts/T1D_analysis/benchmark/01_ImportData_cells_Islet.txt
    reason: Forced execution
    wildcards: panel=Islet
    threads: 8
    resources: mem_mb=170000, disk_mb=1000, tmpdir=/sctmp/nsteen, time=5:00:00

Rscript --vanilla -e 'rmarkdown::render("/home/nsteen/scripts/T1D_analysis/.snakemake/scripts/tmp4a5yccfo.01_ImportData_cells_Islet.Rmd", output_file="/home/nsteen/scripts/T1D_analysis/docs/01_ImportData_cells_Islet.html", quiet=TRUE, knit_root_dir = "/home/nsteen/scripts/T1D_analysis", params = list(rmd="/home/nsteen/scripts/T1D_analysis/.snakemake/scripts/tmp4a5yccfo.01_ImportData_cells_Islet.Rmd"))'
Activating singularity image /home/nsteen/data/singularity/sandbox/
Not cleaning up /home/nsteen/scripts/T1D_analysis/.snakemake/scripts/tmp4a5yccfo.01_ImportData_cells_Islet.Rmd
[Wed Mar 20 14:10:20 2024]
Finished job 0.
1 of 1 steps (100%) done
