Building DAG of jobs...
Using shell: /usr/bin/bash
Provided cores: 8
Rules claiming more threads will be scaled down.
Select jobs to execute...

[Sun Jul 13 22:02:46 2025]
rule ImportData_cells_01_r:
    input: /home/nsteen/scripts/T1D_analysis/analysis/01_ImportData_cells_Islet.Rmd, /scratch/nsteen/processing/txt_output/05_ImageRegistration.out
    output: /home/nsteen/scripts/T1D_analysis/docs/01_ImportData_cells_Islet.html
    jobid: 0
    benchmark: /home/nsteen/scripts/T1D_analysis/benchmark/01_ImportData_cells_Islet.txt
    reason: Forced execution
    wildcards: panel=Islet
    threads: 8
    resources: mem_mb=170000, disk_mb=1000, tmpdir=/sctmp/nsteen, time=5:00:00

Rscript --vanilla -e 'rmarkdown::render("/home/nsteen/scripts/T1D_analysis/.snakemake/scripts/tmptx_tsbl8.01_ImportData_cells_Islet.Rmd", output_file="/home/nsteen/scripts/T1D_analysis/docs/01_ImportData_cells_Islet.html", quiet=TRUE, knit_root_dir = "/home/nsteen/scripts/T1D_analysis", params = list(rmd="/home/nsteen/scripts/T1D_analysis/.snakemake/scripts/tmptx_tsbl8.01_ImportData_cells_Islet.Rmd"))'
Activating singularity image /home/nsteen/data/singularity/sandbox/
Error in `gzfile()`:
! cannot open the connection
Backtrace:
 1. base::saveRDS(spe, fn_spe)
 2. base::gzfile(file, mode)

Quitting from lines 648-651 [save-spe] (/sctmp/nsteen/Rtmp5kE58D/tmptx_tsbl8.01_ImportData_cells_Islet.Rmd)
Execution halted
Not cleaning up /home/nsteen/scripts/T1D_analysis/.snakemake/scripts/tmptx_tsbl8.01_ImportData_cells_Islet.Rmd
[Sun Jul 13 23:16:55 2025]
Error in rule ImportData_cells_01_r:
    jobid: 0
    output: /home/nsteen/scripts/T1D_analysis/docs/01_ImportData_cells_Islet.html

RuleException:
CalledProcessError in line 55 of /home/nsteen/scripts/T1D_analysis/workflow/Snakefile:
Command ' singularity  exec --home /home/nsteen/scripts/T1D_analysis --bind /home/nsteen/scripts/T1D_analysis:/home/nsteen/scripts/T1D_analysis,/scratch/nsteen/processing:/home/processing,/scratch/nsteen/T1D_preprocessing:/scratch/nsteen/T1D_preprocessing,/data/nsteen:/data/nsteen /home/nsteen/data/singularity/sandbox/ bash -c 'set -euo pipefail;  Rscript --vanilla -e '\''rmarkdown::render("/home/nsteen/scripts/T1D_analysis/.snakemake/scripts/tmptx_tsbl8.01_ImportData_cells_Islet.Rmd", output_file="/home/nsteen/scripts/T1D_analysis/docs/01_ImportData_cells_Islet.html", quiet=TRUE, knit_root_dir = "/home/nsteen/scripts/T1D_analysis", params = list(rmd="/home/nsteen/scripts/T1D_analysis/.snakemake/scripts/tmptx_tsbl8.01_ImportData_cells_Islet.Rmd"))'\'''' returned non-zero exit status 1.
  File "/home/nsteen/scripts/T1D_analysis/workflow/Snakefile", line 55, in __rule_ImportData_cells_01_r
  File "/home/nsteen/data/conda/envs/snakemake_cluster/lib/python3.10/concurrent/futures/thread.py", line 58, in run
Shutting down, this might take some time.
Exiting because a job execution failed. Look above for error message
