Building DAG of jobs...
Using shell: /usr/bin/bash
Provided cores: 8
Rules claiming more threads will be scaled down.
Select jobs to execute...

[Wed Mar 20 12:51:38 2024]
rule ImportData_cells_01_r:
    input: /home/nsteen/scripts/T1D_analysis/analysis/01_ImportData_cells_Islet.Rmd, /home/nsteen/scripts/T1D_analysis/analysis/helpers.R, /scratch/nsteen/processing/txt_output/05_ImageRegistration.out
    output: /home/nsteen/scripts/T1D_analysis/docs/01_ImportData_cells_Islet.html
    jobid: 0
    benchmark: /home/nsteen/scripts/T1D_analysis/benchmark/01_ImportData_cells_Islet.txt
    reason: Forced execution
    wildcards: panel=Islet
    threads: 8
    resources: mem_mb=170000, disk_mb=1000, tmpdir=/sctmp/nsteen, time=5:00:00

Rscript --vanilla -e 'rmarkdown::render("/home/nsteen/scripts/T1D_analysis/.snakemake/scripts/tmp4i3cppb0.01_ImportData_cells_Islet.Rmd", output_file="/home/nsteen/scripts/T1D_analysis/docs/01_ImportData_cells_Islet.html", quiet=TRUE, knit_root_dir = "/home/nsteen/scripts/T1D_analysis", params = list(rmd="/home/nsteen/scripts/T1D_analysis/.snakemake/scripts/tmp4i3cppb0.01_ImportData_cells_Islet.Rmd"))'
Activating singularity image /home/nsteen/data/singularity/sandbox/

Quitting from lines 388-419 [clean-up] (/sctmp/nsteen/Rtmpv22cPS/tmp4i3cppb0.01_ImportData_cells_Islet.Rmd)
Error in `map()`:
ℹ In index: 1.
Caused by error in `.f()`:
! object 'dpaths' not found
Backtrace:
 1. purrr::walk(...)
 2. purrr::map(.x, .f, ..., .progress = .progress)
 3. purrr:::map_("list", .x, .f, ..., .progress = .progress)
 7. global .f(.x[[i]], ...)
 8. base::file.path(...)
Execution halted
Not cleaning up /home/nsteen/scripts/T1D_analysis/.snakemake/scripts/tmp4i3cppb0.01_ImportData_cells_Islet.Rmd
[Wed Mar 20 12:51:56 2024]
Error in rule ImportData_cells_01_r:
    jobid: 0
    output: /home/nsteen/scripts/T1D_analysis/docs/01_ImportData_cells_Islet.html

RuleException:
CalledProcessError in line 55 of /home/nsteen/scripts/T1D_analysis/workflow/Snakefile:
Command ' singularity  exec --home /home/nsteen/scripts/T1D_analysis --bind /home/nsteen/scripts/T1D_analysis:/home/nsteen/scripts/T1D_analysis,/scratch/nsteen/processing:/home/processing,/scratch/nsteen/T1D_preprocessing:/scratch/nsteen/T1D_preprocessing,/data/nsteen:/data/nsteen /home/nsteen/data/singularity/sandbox/ bash -c 'set -euo pipefail;  Rscript --vanilla -e '\''rmarkdown::render("/home/nsteen/scripts/T1D_analysis/.snakemake/scripts/tmp4i3cppb0.01_ImportData_cells_Islet.Rmd", output_file="/home/nsteen/scripts/T1D_analysis/docs/01_ImportData_cells_Islet.html", quiet=TRUE, knit_root_dir = "/home/nsteen/scripts/T1D_analysis", params = list(rmd="/home/nsteen/scripts/T1D_analysis/.snakemake/scripts/tmp4i3cppb0.01_ImportData_cells_Islet.Rmd"))'\'''' returned non-zero exit status 1.
  File "/home/nsteen/scripts/T1D_analysis/workflow/Snakefile", line 55, in __rule_ImportData_cells_01_r
  File "/home/nsteen/data/conda/envs/snakemake_cluster/lib/python3.10/concurrent/futures/thread.py", line 58, in run
Shutting down, this might take some time.
Exiting because a job execution failed. Look above for error message
