['/home/nsteen/scripts/T1D_analysis/.snakemake/scripts', '/opt/conda/lib/python39.zip', '/opt/conda/lib/python3.9', '/opt/conda/lib/python3.9/lib-dynload', '/opt/conda/lib/python3.9/site-packages', '/mnt/snakemake', '/scratch/nsteen/T1D_preprocessing/processing']
/opt/conda/bin/python
{'raw': PosixPath('/home/processing/raw'), 'img': PosixPath('/home/processing/img'), 'seg_cells': PosixPath('/home/processing/seg_cells'), 'seg_islets': PosixPath('/home/processing/seg_islets'), 'masks_cells': PosixPath('/home/processing/masks_cells'), 'masks_islets': PosixPath('/home/processing/masks_islets'), 'data_cells': PosixPath('/home/processing/data_cells'), 'data_islets': PosixPath('/home/processing/data_islets'), 'variables': PosixPath('/home/processing/variables'), 'data': PosixPath('/home/processing'), 'git': PosixPath('/home/nsteen/scripts/T1D_analysis')}
Islet 
    channel  metal          name  ... dimred  clustering  short_name
0        0    Y89       Ghrelin  ...    1.0         1.0        GHRL
1        1  In113   Histone H3   ...    0.0         0.0          H3
2        2  In115        Biotin  ...    1.0         0.0         HBP
6        6  La139  Somatostatin  ...    1.0         1.0         SST
7        7  Ce140       Insulin  ...    1.0         1.0         INS

[5 rows x 10 columns]
Immune 
    channel  metal          name  ... dimred  clustering  short_name
0        0    Y89           MPO  ...      1           1         MPO
1        1  In113   Histone H3   ...      0           0          H3
2        2  In115           SMA  ...      1           1         SMA
6        6  La139  Somatostatin  ...      1           1         SST
7        7  Ce140       Insulin  ...      1           1         INS

[5 rows x 10 columns]
is: 7757, im: 7757
immune: []
 Islet: []
Processing Islet panel
Processing Immune panel
0 Islet
1 Immune
Number of images in Islet panel: 7757
Number of images in Immune panel: 7757
