Building DAG of jobs...
Using shell: /usr/bin/bash
Provided cores: 8
Rules claiming more threads will be scaled down.
Select jobs to execute...

[Mon Dec 11 12:53:16 2023]
rule Measurements_04_py:
    input: /scratch/nsteen/T1D_preprocessing/processing/04_Measurements.py
    output: /scratch/nsteen/processing/txt_output/04_Measurements.out
    jobid: 0
    reason: Forced execution
    threads: 8
    resources: mem_mb=64000, disk_mb=1000, tmpdir=/sctmp/nsteen, time=10:00:00

python /home/nsteen/scripts/T1D_analysis/.snakemake/scripts/tmpzo2o_5td.04_Measurements.py
Activating singularity image /data/nsteen/singularity/sandbox
Traceback (most recent call last):
  File "/home/nsteen/scripts/T1D_analysis/.snakemake/scripts/tmpzo2o_5td.04_Measurements.py", line 60, in <module>
    with open(base_dir / "variables/folders.txt", "rb") as handle:
FileNotFoundError: [Errno 2] No such file or directory: '/home/processing/variables/folders.txt'
Not cleaning up /home/nsteen/scripts/T1D_analysis/.snakemake/scripts/tmpzo2o_5td.04_Measurements.py
[Mon Dec 11 12:53:25 2023]
Error in rule Measurements_04_py:
    jobid: 0
    output: /scratch/nsteen/processing/txt_output/04_Measurements.out

RuleException:
CalledProcessError in line 153 of /home/nsteen/scripts/T1D_analysis/workflow/Snakefile:
Command ' singularity  exec --home /home/nsteen/scripts/T1D_analysis --bind /scratch/nsteen/processing:/home/processing,/scratch/nsteen/T1D_preprocessing:/scratch/nsteen/T1D_preprocessing,/data/nsteen:/data/nsteen --bind /home/nsteen/data/conda/envs/snakemake_cluster/lib/python3.10/site-packages:/mnt/snakemake /data/nsteen/singularity/sandbox bash -c 'set -euo pipefail;  python /home/nsteen/scripts/T1D_analysis/.snakemake/scripts/tmpzo2o_5td.04_Measurements.py'' returned non-zero exit status 1.
  File "/home/nsteen/scripts/T1D_analysis/workflow/Snakefile", line 153, in __rule_Measurements_04_py
  File "/home/nsteen/data/conda/envs/snakemake_cluster/lib/python3.10/concurrent/futures/thread.py", line 58, in run
Shutting down, this might take some time.
Exiting because a job execution failed. Look above for error message
