Building DAG of jobs...
Using shell: /usr/bin/bash
Provided cores: 8
Rules claiming more threads will be scaled down.
Select jobs to execute...

[Sun Jul 13 10:07:56 2025]
rule Measurements_04_py:
    input: /scratch/nsteen/T1D_preprocessing/processing/04_Measurements.py, /scratch/nsteen/processing/txt_output/03_CellSegmentation.out
    output: /scratch/nsteen/processing/txt_output/04_Measurements.out
    jobid: 0
    reason: Forced execution
    threads: 8
    resources: mem_mb=120000, disk_mb=1000, tmpdir=/sctmp/nsteen, time=24:00:00

python /home/nsteen/scripts/T1D_analysis/.snakemake/scripts/tmp9rxcxhfg.04_Measurements.py
Activating singularity image /home/nsteen/data/singularity/sandbox/
Traceback (most recent call last):
  File "/home/nsteen/scripts/T1D_analysis/.snakemake/scripts/tmp9rxcxhfg.04_Measurements.py", line 62, in <module>
    folders
NameError: name 'folders' is not defined
Not cleaning up /home/nsteen/scripts/T1D_analysis/.snakemake/scripts/tmp9rxcxhfg.04_Measurements.py
[Sun Jul 13 10:08:10 2025]
Error in rule Measurements_04_py:
    jobid: 0
    output: /scratch/nsteen/processing/txt_output/04_Measurements.out

RuleException:
CalledProcessError in line 227 of /home/nsteen/scripts/T1D_analysis/workflow/Snakefile:
Command ' singularity  exec --home /home/nsteen/scripts/T1D_analysis --bind /home/nsteen/scripts/T1D_analysis:/home/nsteen/scripts/T1D_analysis,/scratch/nsteen/processing:/home/processing,/scratch/nsteen/T1D_preprocessing:/scratch/nsteen/T1D_preprocessing,/data/nsteen:/data/nsteen --bind /home/nsteen/data/conda/envs/snakemake_cluster/lib/python3.10/site-packages:/mnt/snakemake /home/nsteen/data/singularity/sandbox/ bash -c 'set -euo pipefail;  python /home/nsteen/scripts/T1D_analysis/.snakemake/scripts/tmp9rxcxhfg.04_Measurements.py'' returned non-zero exit status 1.
  File "/home/nsteen/scripts/T1D_analysis/workflow/Snakefile", line 227, in __rule_Measurements_04_py
  File "/home/nsteen/data/conda/envs/snakemake_cluster/lib/python3.10/concurrent/futures/thread.py", line 58, in run
Shutting down, this might take some time.
Exiting because a job execution failed. Look above for error message
