['/home/nsteen/scripts/T1D_analysis/.snakemake/scripts', '/opt/conda/lib/python39.zip', '/opt/conda/lib/python3.9', '/opt/conda/lib/python3.9/lib-dynload', '/opt/conda/lib/python3.9/site-packages', '/mnt/snakemake', '/scratch/nsteen/T1D_preprocessing/processing']
/opt/conda/bin/python
Data folder: /home/processing
Git folder: /home/nsteen/scripts/T1D_analysis
Panel: Islet
   channel  metal          name  ... dimred  clustering  short_name
0        0    Y89       Ghrelin  ...    1.0         1.0        GHRL
1        1  In113   Histone H3   ...    0.0         0.0          H3
2        2  In115        Biotin  ...    1.0         0.0         HBP
6        6  La139  Somatostatin  ...    1.0         1.0         SST
7        7  Ce140       Insulin  ...    1.0         1.0         INS

[5 rows x 10 columns]
Panel: Immune
   channel  metal          name  ... dimred  clustering  short_name
0        0    Y89           MPO  ...      1           1         MPO
1        1  In113   Histone H3   ...      0           0          H3
2        2  In115           SMA  ...      1           1         SMA
6        6  La139  Somatostatin  ...      1           1         SST
7        7  Ce140       Insulin  ...      1           1         INS

[5 rows x 10 columns]

Total number of '.zip' folders: 190
Zipped folders:
6494_Islet.zip
6225_Islet.zip
6549_Islet.zip
6044_Islet.zip
6422_Islet.zip
6517_Islet.zip
6150_Islet.zip
6456_Islet.zip
6532_Islet.zip
6522_Islet.zip
6510_Islet.zip
6488_Islet.zip
6388_Islet.zip
6496_Islet.zip
6428_Islet.zip
6367_Islet.zip
6145_Islet.zip
6301_Islet.zip
6405_Islet.zip
6171_Islet.zip
6314_Islet.zip
6229_Islet.zip
6505_Islet.zip
6380_Islet.zip
6520_Islet.zip
6437_Islet.zip
6197_Islet.zip
6126_Islet.zip
6533_Islet.zip
6151_Islet.zip
6531_Islet.zip
6512_Islet.zip
6483_Islet.zip
6421_Islet.zip
6553_Islet.zip
6449_Islet.zip
6234_Islet.zip
6321_Islet.zip
6347_Islet.zip
6036_Islet.zip
6048_Islet.zip
6563_Islet.zip
6397_Islet.zip
6135_Islet.zip
8002_Islet.zip
6289_Islet.zip
6420_Islet.zip
6550_Islet.zip
6447_Islet.zip
6469_Islet.zip
6285_Islet.zip
6551_Islet.zip
6147_Islet.zip
6433_Islet.zip
6324_Islet.zip
6558_Islet.zip
6429_Islet.zip
6562_Islet.zip
6450_Islet.zip
6208_Islet.zip
6514_Islet.zip
6521_Islet.zip
6303_Islet.zip
6424_Islet.zip
6538_Islet.zip
6178_Islet.zip
6247_Islet.zip
6264_Islet.zip
8011_Islet.zip
6224_Islet.zip
6526_Islet.zip
6418_Islet.zip
6506_Islet.zip
6061_Islet.zip
6396_Islet.zip
6519_Islet.zip
6458_Islet.zip
6400_Islet.zip
6063_Islet.zip
6034_Islet.zip
6547_Islet.zip
6414_Islet.zip
6209_Islet.zip
6328_Islet.zip
6509_Islet.zip
6123_Islet.zip
6534_Islet.zip
6228_Islet.zip
6181_Islet.zip
6055_Islet.zip
6362_Islet.zip
6090_Islet.zip
6043_Islet.zip
6310_Islet.zip
6518_Islet.zip
6433_Immune.zip
6061_Immune.zip
6553_Immune.zip
6514_Immune.zip
6328_Immune.zip
6151_Immune.zip
6209_Immune.zip
6090_Immune.zip
6428_Immune.zip
6456_Immune.zip
6449_Immune.zip
6494_Immune.zip
6126_Immune.zip
6531_Immune.zip
6289_Immune.zip
6145_Immune.zip
6034_Immune.zip
8002_Immune.zip
6264_Immune.zip
6483_Immune.zip
6538_Immune.zip
6518_Immune.zip
6509_Immune.zip
6420_Immune.zip
6422_Immune.zip
6178_Immune.zip
6228_Immune.zip
6532_Immune.zip
6208_Immune.zip
6534_Immune.zip
6550_Immune.zip
6488_Immune.zip
6285_Immune.zip
6234_Immune.zip
6447_Immune.zip
6301_Immune.zip
6522_Immune.zip
6224_Immune.zip
6135_Immune.zip
6150_Immune.zip
6469_Immune.zip
6171_Immune.zip
6397_Immune.zip
6347_Immune.zip
6321_Immune.zip
6519_Immune.zip
6562_Immune.zip
6429_Immune.zip
6424_Immune.zip
6048_Immune.zip
6044_Immune.zip
6324_Immune.zip
6549_Immune.zip
6181_Immune.zip
6533_Immune.zip
6505_Immune.zip
6506_Immune.zip
6526_Immune.zip
6314_Immune.zip
6547_Immune.zip
6405_Immune.zip
6123_Immune.zip
6197_Immune.zip
6380_Immune.zip
6303_Immune.zip
6458_Immune.zip
6496_Immune.zip
6147_Immune.zip
6225_Immune.zip
6551_Immune.zip
6437_Immune.zip
6362_Immune.zip
6396_Immune.zip
6517_Immune.zip
6558_Immune.zip
6418_Immune.zip
6414_Immune.zip
6512_Immune.zip
6520_Immune.zip
6450_Immune.zip
6421_Immune.zip
6367_Immune.zip
6063_Immune.zip
6055_Immune.zip
6043_Immune.zip
6229_Immune.zip
6563_Immune.zip
6521_Immune.zip
6400_Immune.zip
6510_Immune.zip
8011_Immune.zip
6310_Immune.zip
6388_Immune.zip
6247_Immune.zip
6036_Immune.zip
