['/home/nsteen/scripts/T1D_analysis/.snakemake/scripts', '/opt/conda/lib/python39.zip', '/opt/conda/lib/python3.9', '/opt/conda/lib/python3.9/lib-dynload', '/opt/conda/lib/python3.9/site-packages', '/mnt/snakemake', '/scratch/nsteen/T1D_preprocessing/processing']
/opt/conda/bin/python
Data folder: /home/processing
Git folder: /home/nsteen/scripts/T1D_analysis
Panel: Islet
   channel  metal          name  ... dimred  clustering  short_name
0        0    Y89       Ghrelin  ...    1.0         1.0        GHRL
1        1  In113   Histone H3   ...    0.0         0.0          H3
2        2  In115        Biotin  ...    1.0         0.0         HBP
6        6  La139  Somatostatin  ...    1.0         1.0         SST
7        7  Ce140       Insulin  ...    1.0         1.0         INS

[5 rows x 10 columns]
Panel: Immune
   channel  metal          name  ... dimred  clustering  short_name
0        0    Y89           MPO  ...      1           1         MPO
1        1  In113   Histone H3   ...      0           0          H3
2        2  In115           SMA  ...      1           1         SMA
6        6  La139  Somatostatin  ...      1           1         SST
7        7  Ce140       Insulin  ...      1           1         INS

[5 rows x 10 columns]

Total number of '.zip' folders: 268
Zipped folders:
6494_Islet.zip
6225_Islet.zip
6549_Islet.zip
6044_Islet.zip
6422_Islet.zip
6517_Islet.zip
6150_Islet.zip
6456_Islet.zip
6532_Islet.zip
6522_Islet.zip
6510_Islet.zip
6488_Islet.zip
6388_Islet.zip
6496_Islet.zip
6428_Islet.zip
6367_Islet.zip
6145_Islet.zip
6301_Islet.zip
6405_Islet.zip
6171_Islet.zip
6314_Islet.zip
6229_Islet.zip
6505_Islet.zip
6380_Islet.zip
6520_Islet.zip
6437_Islet.zip
6197_Islet.zip
6126_Islet.zip
6533_Islet.zip
6151_Islet.zip
6531_Islet.zip
6512_Islet.zip
6483_Islet.zip
6421_Islet.zip
6553_Islet.zip
6449_Islet.zip
6234_Islet.zip
6321_Islet.zip
6347_Islet.zip
6036_Islet.zip
6048_Islet.zip
6563_Islet.zip
6397_Islet.zip
6135_Islet.zip
8002_Islet.zip
6289_Islet.zip
6420_Islet.zip
6550_Islet.zip
6447_Islet.zip
6469_Islet.zip
6285_Islet.zip
6551_Islet.zip
6147_Islet.zip
6433_Islet.zip
6324_Islet.zip
6558_Islet.zip
6429_Islet.zip
6562_Islet.zip
6450_Islet.zip
6208_Islet.zip
6514_Islet.zip
6521_Islet.zip
6303_Islet.zip
6424_Islet.zip
6538_Islet.zip
6178_Islet.zip
6247_Islet.zip
6264_Islet.zip
8011_Islet.zip
6224_Islet.zip
6526_Islet.zip
6418_Islet.zip
6506_Islet.zip
6061_Islet.zip
6396_Islet.zip
6519_Islet.zip
6458_Islet.zip
6400_Islet.zip
6063_Islet.zip
6034_Islet.zip
6547_Islet.zip
6414_Islet.zip
6209_Islet.zip
6328_Islet.zip
6509_Islet.zip
6123_Islet.zip
6534_Islet.zip
6228_Islet.zip
6181_Islet.zip
6055_Islet.zip
6362_Islet.zip
6090_Islet.zip
6043_Islet.zip
6310_Islet.zip
6518_Islet.zip
6433_Immune.zip
6061_Immune.zip
6553_Immune.zip
6514_Immune.zip
6328_Immune.zip
6151_Immune.zip
6209_Immune.zip
6090_Immune.zip
6428_Immune.zip
6456_Immune.zip
6449_Immune.zip
6494_Immune.zip
6126_Immune.zip
6531_Immune.zip
6289_Immune.zip
6145_Immune.zip
6034_Immune.zip
8002_Immune.zip
6264_Immune.zip
6483_Immune.zip
6538_Immune.zip
6518_Immune.zip
6509_Immune.zip
6420_Immune.zip
6422_Immune.zip
6178_Immune.zip
6228_Immune.zip
6532_Immune.zip
6208_Immune.zip
6534_Immune.zip
6550_Immune.zip
6488_Immune.zip
6285_Immune.zip
6234_Immune.zip
6447_Immune.zip
6301_Immune.zip
6522_Immune.zip
6224_Immune.zip
6135_Immune.zip
6150_Immune.zip
6469_Immune.zip
6171_Immune.zip
6397_Immune.zip
6347_Immune.zip
6321_Immune.zip
6519_Immune.zip
6562_Immune.zip
6429_Immune.zip
6424_Immune.zip
6048_Immune.zip
6044_Immune.zip
6324_Immune.zip
6549_Immune.zip
6181_Immune.zip
6533_Immune.zip
6505_Immune.zip
6506_Immune.zip
6526_Immune.zip
6314_Immune.zip
6547_Immune.zip
6405_Immune.zip
6123_Immune.zip
6197_Immune.zip
6380_Immune.zip
6303_Immune.zip
6458_Immune.zip
6496_Immune.zip
6147_Immune.zip
6225_Immune.zip
6551_Immune.zip
6437_Immune.zip
6362_Immune.zip
6396_Immune.zip
6517_Immune.zip
6558_Immune.zip
6208_Immune
6418_Immune.zip
6414_Immune.zip
6512_Immune.zip
6520_Immune.zip
6450_Immune.zip
6421_Immune.zip
6367_Immune.zip
6063_Immune.zip
6055_Immune.zip
6043_Immune.zip
6229_Immune.zip
6563_Immune.zip
6521_Immune.zip
6400_Immune.zip
6510_Immune.zip
8011_Immune.zip
6310_Immune.zip
6388_Immune.zip
6247_Immune.zip
6036_Immune.zip
6208_Immune_ROI_021_21.txt
6208_Immune_ROI_071_71.txt
6208_Immune_ROI_059_59.txt
6208_Immune_ROI_002_2.txt
6208_Immune_ROI_057_57.txt
6208_Immune_ROI_001_1.txt
6208_Immune_ROI_049_49.txt
6208_Immune_ROI_009_9.txt
6208_Immune_ROI_051_51.txt
6208_Immune_ROI_070_70.txt
6208_Immune_ROI_076_76.txt
6208_Immune_ROI_033_33.txt
6208_Immune_ROI_050_50.txt
6208_Immune_ROI_065_65.txt
6208_Immune_ROI_056_56.txt
6208_Immune_ROI_044_44.txt
6208_Immune_ROI_015_15.txt
6208_Immune_ROI_012_12.txt
6208_Immune_ROI_016_16.txt
6208_Immune_ROI_053_53.txt
6208_Immune_ROI_018_18.txt
6208_Immune_ROI_072_72.txt
6208_Immune_ROI_075_75.txt
6208_Immune_ROI_032_32.txt
6208_Immune.mcd
6208_Immune_ROI_004_4.txt
6208_Immune_ROI_060_60.txt
6208_Immune_ROI_046_46.txt
6208_Immune_ROI_074_74.txt
6208_Immune_ROI_041_41.txt
6208_Immune_ROI_027_27.txt
6208_Immune_ROI_042_42.txt
6208_Immune_ROI_010_10.txt
6208_Immune_ROI_023_23.txt
6208_Immune_ROI_077_77.txt
6208_Immune_ROI_052_52.txt
6208_Immune_ROI_035_35.txt
6208_Immune_ROI_011_11.txt
6208_Immune_ROI_058_58.txt
6208_Immune_ROI_022_22.txt
6208_Immune_ROI_013_13.txt
6208_Immune_ROI_069_69.txt
6208_Immune_ROI_045_45.txt
6208_Immune_ROI_020_20.txt
6208_Immune_ROI_005_5.txt
6208_Immune_ROI_036_36.txt
6208_Immune_ROI_061_61.txt
6208_Immune_ROI_067_67.txt
6208_Immune_ROI_017_17.txt
6208_Immune_ROI_024_24.txt
6208_Immune_ROI_038_38.txt
6208_Immune_ROI_034_34.txt
6208_Immune_ROI_028_28.txt
6208_Immune_ROI_073_73.txt
6208_Immune_ROI_064_64.txt
6208_Immune_ROI_008_8.txt
6208_Immune_ROI_030_30.txt
6208_Immune_ROI_037_37.txt
6208_Immune_ROI_063_63.txt
6208_Immune_ROI_006_6.txt
6208_Immune_ROI_007_7.txt
6208_Immune_ROI_068_68.txt
6208_Immune_ROI_066_66.txt
6208_Immune_ROI_014_14.txt
6208_Immune_ROI_048_48.txt
6208_Immune_ROI_055_55.txt
6208_Immune_ROI_025_25.txt
6208_Immune_ROI_031_31.txt
6208_Immune_ROI_019_19.txt
6208_Immune_ROI_026_26.txt
6208_Immune_ROI_029_29.txt
6208_Immune_ROI_054_54.txt
6208_Immune_ROI_043_43.txt
6208_Immune_ROI_047_47.txt
6208_Immune_ROI_039_39.txt
6208_Immune_ROI_003_3.txt
6208_Immune_ROI_062_62.txt
