Building DAG of jobs...
Using shell: /usr/bin/bash
Provided cores: 8
Rules claiming more threads will be scaled down.
Select jobs to execute...

[Mon Nov 13 21:47:21 2023]
rule QualityControl_cells_04_r:
    input: /home/nsteen/scripts/T1D_analysis/analysis/04_QualityControl_cells_Islet.Rmd, /home/nsteen/scripts/T1D_analysis/docs/03_TransformCorrect_cells_Islet.html
    output: /home/nsteen/scripts/T1D_analysis/docs/04_QualityControl_cells_Islet.html
    jobid: 0
    benchmark: benchmark/04_QualityControl_cells_Islet.txt
    reason: Forced execution
    wildcards: panel=Islet
    threads: 8
    resources: mem_mb=247000, disk_mb=1000, tmpdir=/sctmp/nsteen, time=12:00:00

Rscript --vanilla -e 'rmarkdown::render("/home/nsteen/scripts/T1D_analysis/.snakemake/scripts/tmpo3h70xfc.04_QualityControl_cells_Islet.Rmd", output_file="/home/nsteen/scripts/T1D_analysis/docs/04_QualityControl_cells_Islet.html", quiet=TRUE, knit_root_dir = "/home/nsteen/scripts/T1D_analysis", params = list(rmd="/home/nsteen/scripts/T1D_analysis/.snakemake/scripts/tmpo3h70xfc.04_QualityControl_cells_Islet.Rmd"))'
Activating singularity image /data/nsteen/singularity/sandbox

Quitting from lines 1381-1416 [cytomapper-plot-pixels] (/sctmp/nsteen/RtmpFQXdES/tmpo3h70xfc.04_QualityControl_cells_Islet.Rmd)
Error in `.valid.colour_by()`:
! 'colour_by' not in 'channelNames(image)' slot.
Backtrace:
 1. cytomapper::plotPixels(...)
 2. cytomapper:::.valid.colour_by(colour_by, object, image, call.arg = "plotPixels")
Execution halted
Not cleaning up /home/nsteen/scripts/T1D_analysis/.snakemake/scripts/tmpo3h70xfc.04_QualityControl_cells_Islet.Rmd
[Mon Nov 13 23:45:58 2023]
Error in rule QualityControl_cells_04_r:
    jobid: 0
    output: /home/nsteen/scripts/T1D_analysis/docs/04_QualityControl_cells_Islet.html

RuleException:
CalledProcessError in line 88 of /home/nsteen/scripts/T1D_analysis/workflow/Snakefile:
Command ' singularity  exec --home /home/nsteen/scripts/T1D_analysis --bind /scratch/nsteen/processing:/home/processing,/scratch/nsteen/T1D_preprocessing:/scratch/nsteen/T1D_preprocessing,/data/nsteen:/data/nsteen /data/nsteen/singularity/sandbox bash -c 'set -euo pipefail;  Rscript --vanilla -e '\''rmarkdown::render("/home/nsteen/scripts/T1D_analysis/.snakemake/scripts/tmpo3h70xfc.04_QualityControl_cells_Islet.Rmd", output_file="/home/nsteen/scripts/T1D_analysis/docs/04_QualityControl_cells_Islet.html", quiet=TRUE, knit_root_dir = "/home/nsteen/scripts/T1D_analysis", params = list(rmd="/home/nsteen/scripts/T1D_analysis/.snakemake/scripts/tmpo3h70xfc.04_QualityControl_cells_Islet.Rmd"))'\'''' returned non-zero exit status 1.
  File "/home/nsteen/scripts/T1D_analysis/workflow/Snakefile", line 88, in __rule_QualityControl_cells_04_r
  File "/home/nsteen/data/conda/envs/snakemake_cluster/lib/python3.10/concurrent/futures/thread.py", line 58, in run
Shutting down, this might take some time.
Exiting because a job execution failed. Look above for error message
