Building DAG of jobs...
Using shell: /usr/bin/bash
Provided cores: 8
Rules claiming more threads will be scaled down.
Select jobs to execute...

[Wed Dec 20 20:01:44 2023]
rule QualityControl_cells_04_r:
    input: /home/nsteen/scripts/T1D_analysis/analysis/04_QualityControl_cells_Islet.Rmd, /home/nsteen/scripts/T1D_analysis/docs/03_TransformCorrect_cells_Islet.html
    output: /home/nsteen/scripts/T1D_analysis/docs/04_QualityControl_cells_Islet.html
    jobid: 0
    benchmark: benchmark/04_QualityControl_cells_Islet.txt
    reason: Forced execution
    wildcards: panel=Islet
    threads: 8
    resources: mem_mb=247000, disk_mb=1000, tmpdir=/sctmp/nsteen, time=12:00:00

Rscript --vanilla -e 'rmarkdown::render("/home/nsteen/scripts/T1D_analysis/.snakemake/scripts/tmpvhh42rms.04_QualityControl_cells_Islet.Rmd", output_file="/home/nsteen/scripts/T1D_analysis/docs/04_QualityControl_cells_Islet.html", quiet=TRUE, knit_root_dir = "/home/nsteen/scripts/T1D_analysis", params = list(rmd="/home/nsteen/scripts/T1D_analysis/.snakemake/scripts/tmpvhh42rms.04_QualityControl_cells_Islet.Rmd"))'
Activating singularity image /data/nsteen/singularity/sandbox
Not cleaning up /home/nsteen/scripts/T1D_analysis/.snakemake/scripts/tmpvhh42rms.04_QualityControl_cells_Islet.Rmd
[Wed Dec 20 21:56:28 2023]
Finished job 0.
1 of 1 steps (100%) done
