Building DAG of jobs...
Using shell: /usr/bin/bash
Provided cores: 8
Rules claiming more threads will be scaled down.
Select jobs to execute...

[Sun Nov  5 12:27:52 2023]
rule QualityControl_cells_04_r:
    input: /home/nsteen/scripts/T1D_analysis/analysis/04_QualityControl_cells_Immune.Rmd, /home/nsteen/scripts/T1D_analysis/docs/03_TransformCorrect_cells_Immune.html
    output: /home/nsteen/scripts/T1D_analysis/docs/04_QualityControl_cells_Immune.html
    jobid: 0
    benchmark: benchmark/04_QualityControl_cells_Immune.txt
    reason: Forced execution
    wildcards: panel=Immune
    threads: 8
    resources: mem_mb=247000, disk_mb=1000, tmpdir=/sctmp/nsteen, time=5:00:00

Rscript --vanilla -e 'rmarkdown::render("/home/nsteen/scripts/T1D_analysis/.snakemake/scripts/tmp8wk1bz40.04_QualityControl_cells_Immune.Rmd", output_file="/home/nsteen/scripts/T1D_analysis/docs/04_QualityControl_cells_Immune.html", quiet=TRUE, knit_root_dir = "/home/nsteen/scripts/T1D_analysis", params = list(rmd="/home/nsteen/scripts/T1D_analysis/.snakemake/scripts/tmp8wk1bz40.04_QualityControl_cells_Immune.Rmd"))'
Activating singularity image /data/nsteen/singularity/sandbox

Quitting from lines 1092-1129 [plot-dimred-channels] (/sctmp/nsteen/Rtmpb7f9Ra/tmp8wk1bz40.04_QualityControl_cells_Immune.Rmd)
Error in `tic()`:
! could not find function "tic"
Execution halted
Not cleaning up /home/nsteen/scripts/T1D_analysis/.snakemake/scripts/tmp8wk1bz40.04_QualityControl_cells_Immune.Rmd
[Sun Nov  5 16:54:39 2023]
Error in rule QualityControl_cells_04_r:
    jobid: 0
    output: /home/nsteen/scripts/T1D_analysis/docs/04_QualityControl_cells_Immune.html

RuleException:
CalledProcessError in line 88 of /home/nsteen/scripts/T1D_analysis/workflow/Snakefile:
Command ' singularity  exec --home /home/nsteen/scripts/T1D_analysis --bind /scratch/nsteen/processing:/home/processing,/scratch/nsteen/T1D_preprocessing:/scratch/nsteen/T1D_preprocessing,/data/nsteen:/data/nsteen /data/nsteen/singularity/sandbox bash -c 'set -euo pipefail;  Rscript --vanilla -e '\''rmarkdown::render("/home/nsteen/scripts/T1D_analysis/.snakemake/scripts/tmp8wk1bz40.04_QualityControl_cells_Immune.Rmd", output_file="/home/nsteen/scripts/T1D_analysis/docs/04_QualityControl_cells_Immune.html", quiet=TRUE, knit_root_dir = "/home/nsteen/scripts/T1D_analysis", params = list(rmd="/home/nsteen/scripts/T1D_analysis/.snakemake/scripts/tmp8wk1bz40.04_QualityControl_cells_Immune.Rmd"))'\'''' returned non-zero exit status 1.
  File "/home/nsteen/scripts/T1D_analysis/workflow/Snakefile", line 88, in __rule_QualityControl_cells_04_r
  File "/home/nsteen/data/conda/envs/snakemake_cluster/lib/python3.10/concurrent/futures/thread.py", line 58, in run
Shutting down, this might take some time.
Exiting because a job execution failed. Look above for error message
