Building DAG of jobs...
Using shell: /usr/bin/bash
Provided cores: 8
Rules claiming more threads will be scaled down.
Select jobs to execute...

[Wed Jul 23 17:11:47 2025]
rule QualityControl_cells_04_r:
    input: /home/nsteen/scripts/T1D_analysis/analysis/04_QualityControl_cells_Islet.Rmd, /home/nsteen/scripts/T1D_analysis/docs/03_TransformCorrect_cells_Islet.html
    output: /home/nsteen/scripts/T1D_analysis/docs/04_QualityControl_cells_Islet.html
    jobid: 0
    benchmark: /home/nsteen/scripts/T1D_analysis/benchmark/04_QualityControl_cells_Islet.txt
    reason: Forced execution
    wildcards: panel=Islet
    threads: 8
    resources: mem_mb=376000, disk_mb=1000, tmpdir=/sctmp/nsteen, time=96:00:00


        Rscript --vanilla -e '
            rmarkdown::render(
                input = "/home/nsteen/scripts/T1D_analysis/analysis/04_QualityControl_cells_Islet.Rmd",
                output_file = "/home/nsteen/scripts/T1D_analysis/docs/04_QualityControl_cells_Islet.html",
                quiet = FALSE,
                knit_root_dir = "/home/nsteen/scripts/T1D_analysis/analysis",
                params = list(rmd="/home/nsteen/scripts/T1D_analysis/analysis/04_QualityControl_cells_Islet.Rmd")
            )'
        
Activating singularity image /home/nsteen/data/singularity/sandbox/


processing file: /sctmp/nsteen/Rtmp40rxZy/04_QualityControl_cells_Islet.Rmd
output file: 04_QualityControl_cells_Islet.knit.md


Output created: docs/04_QualityControl_cells_Islet.html
[Fri Jul 25 01:45:05 2025]
Finished job 0.
1 of 1 steps (100%) done
