Building DAG of jobs...
Using shell: /usr/bin/bash
Provided cores: 8
Rules claiming more threads will be scaled down.
Select jobs to execute...

[Fri Mar 22 13:32:53 2024]
rule QualityControl_cells_04_r:
    input: /home/nsteen/scripts/T1D_analysis/analysis/04_QualityControl_cells_Immune.Rmd, /home/nsteen/scripts/T1D_analysis/docs/03_TransformCorrect_cells_Immune.html
    output: /home/nsteen/scripts/T1D_analysis/docs/04_QualityControl_cells_Immune.html
    jobid: 0
    benchmark: /home/nsteen/scripts/T1D_analysis/benchmark/04_QualityControl_cells_Immune.txt
    reason: Forced execution
    wildcards: panel=Immune
    threads: 8
    resources: mem_mb=247000, disk_mb=1000, tmpdir=/sctmp/nsteen, time=12:00:00

Rscript --vanilla -e 'rmarkdown::render("/home/nsteen/scripts/T1D_analysis/.snakemake/scripts/tmp5ohs1dqp.04_QualityControl_cells_Immune.Rmd", output_file="/home/nsteen/scripts/T1D_analysis/docs/04_QualityControl_cells_Immune.html", quiet=TRUE, knit_root_dir = "/home/nsteen/scripts/T1D_analysis", params = list(rmd="/home/nsteen/scripts/T1D_analysis/.snakemake/scripts/tmp5ohs1dqp.04_QualityControl_cells_Immune.Rmd"))'
Activating singularity image /home/nsteen/data/singularity/sandbox/
Not cleaning up /home/nsteen/scripts/T1D_analysis/.snakemake/scripts/tmp5ohs1dqp.04_QualityControl_cells_Immune.Rmd
[Fri Mar 22 19:12:27 2024]
Finished job 0.
1 of 1 steps (100%) done
