Building DAG of jobs...
Using shell: /usr/bin/bash
Provided cores: 8
Rules claiming more threads will be scaled down.
Select jobs to execute...

[Sun Jul 20 16:46:51 2025]
rule QualityControl_cells_04_r:
    input: /home/nsteen/scripts/T1D_analysis/analysis/04_QualityControl_cells_Islet.Rmd, /home/nsteen/scripts/T1D_analysis/docs/03_TransformCorrect_cells_Islet.html
    output: /home/nsteen/scripts/T1D_analysis/docs/04_QualityControl_cells_Islet.html
    jobid: 0
    benchmark: /home/nsteen/scripts/T1D_analysis/benchmark/04_QualityControl_cells_Islet.txt
    reason: Forced execution
    wildcards: panel=Islet
    threads: 8
    resources: mem_mb=376000, disk_mb=1000, tmpdir=/sctmp/nsteen, time=96:00:00


        Rscript --vanilla -e '
            rmarkdown::render(
                input = "/home/nsteen/scripts/T1D_analysis/analysis/04_QualityControl_cells_Islet.Rmd",
                output_file = "/home/nsteen/scripts/T1D_analysis/docs/04_QualityControl_cells_Islet.html",
                quiet = FALSE,
                knit_root_dir = "/home/nsteen/scripts/T1D_analysis/analysis",
                params = list(rmd="/home/nsteen/scripts/T1D_analysis/analysis/04_QualityControl_cells_Islet.Rmd")
            )'
        
Activating singularity image /home/nsteen/data/singularity/sandbox/


processing file: /sctmp/nsteen/RtmpKPq8KD/04_QualityControl_cells_Islet.Rmd
Error:
! object 'plot_img_compensation' not found
Backtrace:
 1. base::isTRUE(plot_img_compensation)

Quitting from lines 1464-1524 [spillover-plot] (/sctmp/nsteen/RtmpKPq8KD/04_QualityControl_cells_Islet.Rmd)
Execution halted
[Mon Jul 21 20:53:36 2025]
Error in rule QualityControl_cells_04_r:
    jobid: 0
    output: /home/nsteen/scripts/T1D_analysis/docs/04_QualityControl_cells_Islet.html
    shell:
        
        Rscript --vanilla -e '
            rmarkdown::render(
                input = "/home/nsteen/scripts/T1D_analysis/analysis/04_QualityControl_cells_Islet.Rmd",
                output_file = "/home/nsteen/scripts/T1D_analysis/docs/04_QualityControl_cells_Islet.html",
                quiet = FALSE,
                knit_root_dir = "/home/nsteen/scripts/T1D_analysis/analysis",
                params = list(rmd="/home/nsteen/scripts/T1D_analysis/analysis/04_QualityControl_cells_Islet.Rmd")
            )'
        
        (one of the commands exited with non-zero exit code; note that snakemake uses bash strict mode!)

Shutting down, this might take some time.
Exiting because a job execution failed. Look above for error message
