Building DAG of jobs...
Using shell: /usr/bin/bash
Provided cores: 8
Rules claiming more threads will be scaled down.
Select jobs to execute...

[Fri Nov  3 17:14:39 2023]
rule SpilloverCompensation_cells_02_r:
    input: /home/nsteen/scripts/T1D_analysis/analysis/02_SpilloverCompensation_cells_Islet.Rmd, /home/nsteen/scripts/T1D_analysis/docs/01_ImportData_cells_Islet.html
    output: /home/nsteen/scripts/T1D_analysis/docs/02_SpilloverCompensation_cells_Islet.html
    jobid: 0
    benchmark: benchmark/02_SpilloverCompensation_cells_Islet.txt
    reason: Forced execution
    wildcards: panel=Islet
    threads: 8
    resources: mem_mb=80000, disk_mb=1000, tmpdir=/sctmp/nsteen, time=5:00:00

Rscript --vanilla -e 'rmarkdown::render("/home/nsteen/scripts/T1D_analysis/.snakemake/scripts/tmprh8yf1s4.02_SpilloverCompensation_cells_Islet.Rmd", output_file="/home/nsteen/scripts/T1D_analysis/docs/02_SpilloverCompensation_cells_Islet.html", quiet=TRUE, knit_root_dir = "/home/nsteen/scripts/T1D_analysis", params = list(rmd="/home/nsteen/scripts/T1D_analysis/.snakemake/scripts/tmprh8yf1s4.02_SpilloverCompensation_cells_Islet.Rmd"))'
Activating singularity image /data/nsteen/singularity/sandbox
Not cleaning up /home/nsteen/scripts/T1D_analysis/.snakemake/scripts/tmprh8yf1s4.02_SpilloverCompensation_cells_Islet.Rmd
[Fri Nov  3 17:53:30 2023]
Finished job 0.
1 of 1 steps (100%) done
