Building DAG of jobs...
Using shell: /usr/bin/bash
Provided cores: 48
Rules claiming more threads will be scaled down.
Select jobs to execute...

[Wed Dec 20 10:35:17 2023]
rule TransformCorrect_cells_03_r:
    input: /home/nsteen/scripts/T1D_analysis/analysis/03_TransformCorrect_cells_Islet.Rmd, /home/nsteen/scripts/T1D_analysis/docs/02_SpilloverCompensation_cells_Islet.html
    output: /home/nsteen/scripts/T1D_analysis/docs/03_TransformCorrect_cells_Islet.html
    jobid: 0
    benchmark: benchmark/03_TransformCorrect_cells_Islet.txt
    reason: Forced execution
    wildcards: panel=Islet
    threads: 48
    resources: mem_mb=376000, disk_mb=1000, tmpdir=/sctmp/nsteen, time=36:00:00

Rscript --vanilla -e 'rmarkdown::render("/home/nsteen/scripts/T1D_analysis/.snakemake/scripts/tmpwinn3i1v.03_TransformCorrect_cells_Islet.Rmd", output_file="/home/nsteen/scripts/T1D_analysis/docs/03_TransformCorrect_cells_Islet.html", quiet=TRUE, knit_root_dir = "/home/nsteen/scripts/T1D_analysis", params = list(rmd="/home/nsteen/scripts/T1D_analysis/.snakemake/scripts/tmpwinn3i1v.03_TransformCorrect_cells_Islet.Rmd"))'
Activating singularity image /data/nsteen/singularity/sandbox
Hard k-means centroids initialization
0%   10   20   30   40   50   60   70   80   90   100%
[----|----|----|----|----|----|----|----|----|----|
**************************************************|
0%   10   20   30   40   50   60   70   80   90   100%
[----|----|----|----|----|----|----|----|----|----|
**************************************************|
0%   10   20   30   40   50   60   70   80   90   100%
[----|----|----|----|----|----|----|----|----|----|
**************************************************|
Hard k-means centroids initialization
0%   10   20   30   40   50   60   70   80   90   100%
[----|----|----|----|----|----|----|----|----|----|
**************************************************|
0%   10   20   30   40   50   60   70   80   90   100%
[----|----|----|----|----|----|----|----|----|----|
**************************************************|
0%   10   20   30   40   50   60   70   80   90   100%
[----|----|----|----|----|----|----|----|----|----|
**************************************************|
0%   10   20   30   40   50   60   70   80   90   100%
[----|----|----|----|----|----|----|----|----|----|
**************************************************|
0%   10   20   30   40   50   60   70   80   90   100%
[----|----|----|----|----|----|----|----|----|----|
**************************************************|
0%   10   20   30   40   50   60   70   80   90   100%
[----|----|----|----|----|----|----|----|----|----|
**************************************************|
0%   10   20   30   40   50   60   70   80   90   100%
[----|----|----|----|----|----|----|----|----|----|
**************************************************|
0%   10   20   30   40   50   60   70   80   90   100%
[----|----|----|----|----|----|----|----|----|----|
**************************************************|
0%   10   20   30   40   50   60   70   80   90   100%
[----|----|----|----|----|----|----|----|----|----|
**************************************************|
0%   10   20   30   40   50   60   70   80   90   100%
[----|----|----|----|----|----|----|----|----|----|
**************************************************|
Warning messages:
1: In readLines(input) :
  incomplete final line found on '/home/nsteen/scripts/T1D_analysis/.snakemake/scripts/tmpwinn3i1v.03_TransformCorrect_cells_Islet.Rmd'
2: In readLines(input) :
  incomplete final line found on '/home/nsteen/scripts/T1D_analysis/.snakemake/scripts/tmpwinn3i1v.03_TransformCorrect_cells_Islet.Rmd'
3: In readLines(input) :
  incomplete final line found on '/home/nsteen/scripts/T1D_analysis/.snakemake/scripts/tmpwinn3i1v.03_TransformCorrect_cells_Islet.Rmd'
4: In readLines(input) :
  incomplete final line found on '/home/nsteen/scripts/T1D_analysis/.snakemake/scripts/tmpwinn3i1v.03_TransformCorrect_cells_Islet.Rmd'
Not cleaning up /home/nsteen/scripts/T1D_analysis/.snakemake/scripts/tmpwinn3i1v.03_TransformCorrect_cells_Islet.Rmd
[Wed Dec 20 20:01:04 2023]
Finished job 0.
1 of 1 steps (100%) done
