Building DAG of jobs...
Using shell: /usr/bin/bash
Provided cores: 8
Rules claiming more threads will be scaled down.
Select jobs to execute...

[Thu Mar 21 19:39:29 2024]
rule TransformCorrect_cells_03_r:
    input: /home/nsteen/scripts/T1D_analysis/analysis/03_TransformCorrect_cells_Immune.Rmd, /home/nsteen/scripts/T1D_analysis/docs/02_SpilloverCompensation_cells_Immune.html
    output: /home/nsteen/scripts/T1D_analysis/docs/03_TransformCorrect_cells_Immune.html
    jobid: 0
    benchmark: /home/nsteen/scripts/T1D_analysis/benchmark/03_TransformCorrect_cells_Immune.txt
    reason: Forced execution
    wildcards: panel=Immune
    threads: 8
    resources: mem_mb=376000, disk_mb=1000, tmpdir=/sctmp/nsteen, time=36:00:00

Rscript --vanilla -e 'rmarkdown::render("/home/nsteen/scripts/T1D_analysis/.snakemake/scripts/tmpo3acsbd3.03_TransformCorrect_cells_Immune.Rmd", output_file="/home/nsteen/scripts/T1D_analysis/docs/03_TransformCorrect_cells_Immune.html", quiet=TRUE, knit_root_dir = "/home/nsteen/scripts/T1D_analysis", params = list(rmd="/home/nsteen/scripts/T1D_analysis/.snakemake/scripts/tmpo3acsbd3.03_TransformCorrect_cells_Immune.Rmd"))'
Activating singularity image /home/nsteen/data/singularity/sandbox/
Hard k-means centroids initialization
0%   10   20   30   40   50   60   70   80   90   100%
[----|----|----|----|----|----|----|----|----|----|
**************************************************|
0%   10   20   30   40   50   60   70   80   90   100%
[----|----|----|----|----|----|----|----|----|----|
**************************************************|
0%   10   20   30   40   50   60   70   80   90   100%
[----|----|----|----|----|----|----|----|----|----|
**************************************************|
0%   10   20   30   40   50   60   70   80   90   100%
[----|----|----|----|----|----|----|----|----|----|
**************************************************|
0%   10   20   30   40   50   60   70   80   90   100%
[----|----|----|----|----|----|----|----|----|----|
**************************************************|
0%   10   20   30   40   50   60   70   80   90   100%
[----|----|----|----|----|----|----|----|----|----|
**************************************************|
Warning messages:
1: In readLines(input) :
  incomplete final line found on '/home/nsteen/scripts/T1D_analysis/.snakemake/scripts/tmpo3acsbd3.03_TransformCorrect_cells_Immune.Rmd'
2: In readLines(input) :
  incomplete final line found on '/home/nsteen/scripts/T1D_analysis/.snakemake/scripts/tmpo3acsbd3.03_TransformCorrect_cells_Immune.Rmd'
3: In readLines(input) :
  incomplete final line found on '/home/nsteen/scripts/T1D_analysis/.snakemake/scripts/tmpo3acsbd3.03_TransformCorrect_cells_Immune.Rmd'
4: In readLines(input) :
  incomplete final line found on '/home/nsteen/scripts/T1D_analysis/.snakemake/scripts/tmpo3acsbd3.03_TransformCorrect_cells_Immune.Rmd'
Not cleaning up /home/nsteen/scripts/T1D_analysis/.snakemake/scripts/tmpo3acsbd3.03_TransformCorrect_cells_Immune.Rmd
[Fri Mar 22 13:08:58 2024]
Finished job 0.
1 of 1 steps (100%) done
