Building DAG of jobs...
Using shell: /usr/bin/bash
Provided cores: 8
Rules claiming more threads will be scaled down.
Select jobs to execute...

[Thu Mar 21 08:19:07 2024]
rule TransformCorrect_cells_03_r:
    input: /home/nsteen/scripts/T1D_analysis/analysis/03_TransformCorrect_cells_Immune.Rmd, /home/nsteen/scripts/T1D_analysis/docs/02_SpilloverCompensation_cells_Immune.html
    output: /home/nsteen/scripts/T1D_analysis/docs/03_TransformCorrect_cells_Immune.html
    jobid: 0
    benchmark: /home/nsteen/scripts/T1D_analysis/benchmark/03_TransformCorrect_cells_Immune.txt
    reason: Forced execution
    wildcards: panel=Immune
    threads: 8
    resources: mem_mb=376000, disk_mb=1000, tmpdir=/sctmp/nsteen, time=36:00:00

Rscript --vanilla -e 'rmarkdown::render("/home/nsteen/scripts/T1D_analysis/.snakemake/scripts/tmp36ytqpgc.03_TransformCorrect_cells_Immune.Rmd", output_file="/home/nsteen/scripts/T1D_analysis/docs/03_TransformCorrect_cells_Immune.html", quiet=TRUE, knit_root_dir = "/home/nsteen/scripts/T1D_analysis", params = list(rmd="/home/nsteen/scripts/T1D_analysis/.snakemake/scripts/tmp36ytqpgc.03_TransformCorrect_cells_Immune.Rmd"))'
Activating singularity image /home/nsteen/data/singularity/sandbox/

Quitting from lines 523-562 [fastMNN-run-caseid] (/sctmp/nsteen/RtmpBrA7pN/tmp36ytqpgc.03_TransformCorrect_cells_Immune.Rmd)
Error in `batch_variables[[2]]`:
! subscript out of bounds
Backtrace:
 1. base::paste0(method_name, "_", batch_variables[[2]])
Warning messages:
1: In readLines(input) :
  incomplete final line found on '/home/nsteen/scripts/T1D_analysis/.snakemake/scripts/tmp36ytqpgc.03_TransformCorrect_cells_Immune.Rmd'
2: In readLines(input) :
  incomplete final line found on '/home/nsteen/scripts/T1D_analysis/.snakemake/scripts/tmp36ytqpgc.03_TransformCorrect_cells_Immune.Rmd'
3: In readLines(input) :
  incomplete final line found on '/home/nsteen/scripts/T1D_analysis/.snakemake/scripts/tmp36ytqpgc.03_TransformCorrect_cells_Immune.Rmd'
4: In readLines(input) :
  incomplete final line found on '/home/nsteen/scripts/T1D_analysis/.snakemake/scripts/tmp36ytqpgc.03_TransformCorrect_cells_Immune.Rmd'
Execution halted
slurmstepd: error: *** JOB 13689743 ON u20-compute-lmem4 CANCELLED AT 2024-03-21T17:02:42 ***
