Building DAG of jobs...
Using shell: /usr/bin/bash
Provided cores: 8
Rules claiming more threads will be scaled down.
Select jobs to execute...

[Wed Mar 20 14:49:25 2024]
rule TransformCorrect_cells_03_r:
    input: /home/nsteen/scripts/T1D_analysis/analysis/03_TransformCorrect_cells_Islet.Rmd, /home/nsteen/scripts/T1D_analysis/docs/02_SpilloverCompensation_cells_Islet.html
    output: /home/nsteen/scripts/T1D_analysis/docs/03_TransformCorrect_cells_Islet.html
    jobid: 0
    benchmark: /home/nsteen/scripts/T1D_analysis/benchmark/03_TransformCorrect_cells_Islet.txt
    reason: Forced execution
    wildcards: panel=Islet
    threads: 8
    resources: mem_mb=376000, disk_mb=1000, tmpdir=/sctmp/nsteen, time=36:00:00

Rscript --vanilla -e 'rmarkdown::render("/home/nsteen/scripts/T1D_analysis/.snakemake/scripts/tmph7hlef6s.03_TransformCorrect_cells_Islet.Rmd", output_file="/home/nsteen/scripts/T1D_analysis/docs/03_TransformCorrect_cells_Islet.html", quiet=TRUE, knit_root_dir = "/home/nsteen/scripts/T1D_analysis", params = list(rmd="/home/nsteen/scripts/T1D_analysis/.snakemake/scripts/tmph7hlef6s.03_TransformCorrect_cells_Islet.Rmd"))'
Activating singularity image /home/nsteen/data/singularity/sandbox/

Quitting from lines 523-563 [fastMNN-run-caseid] (/sctmp/nsteen/RtmpAYEyw7/tmph7hlef6s.03_TransformCorrect_cells_Islet.Rmd)
Error in `batch_variables[[2]]`:
! subscript out of bounds
Backtrace:
 1. base::paste0(method_name, "_", batch_variables[[2]])
Execution halted
Not cleaning up /home/nsteen/scripts/T1D_analysis/.snakemake/scripts/tmph7hlef6s.03_TransformCorrect_cells_Islet.Rmd
[Wed Mar 20 22:25:14 2024]
Error in rule TransformCorrect_cells_03_r:
    jobid: 0
    output: /home/nsteen/scripts/T1D_analysis/docs/03_TransformCorrect_cells_Islet.html

RuleException:
CalledProcessError in line 89 of /home/nsteen/scripts/T1D_analysis/workflow/Snakefile:
Command ' singularity  exec --home /home/nsteen/scripts/T1D_analysis --bind /home/nsteen/scripts/T1D_analysis:/home/nsteen/scripts/T1D_analysis,/scratch/nsteen/processing:/home/processing,/scratch/nsteen/T1D_preprocessing:/scratch/nsteen/T1D_preprocessing,/data/nsteen:/data/nsteen /home/nsteen/data/singularity/sandbox/ bash -c 'set -euo pipefail;  Rscript --vanilla -e '\''rmarkdown::render("/home/nsteen/scripts/T1D_analysis/.snakemake/scripts/tmph7hlef6s.03_TransformCorrect_cells_Islet.Rmd", output_file="/home/nsteen/scripts/T1D_analysis/docs/03_TransformCorrect_cells_Islet.html", quiet=TRUE, knit_root_dir = "/home/nsteen/scripts/T1D_analysis", params = list(rmd="/home/nsteen/scripts/T1D_analysis/.snakemake/scripts/tmph7hlef6s.03_TransformCorrect_cells_Islet.Rmd"))'\'''' returned non-zero exit status 1.
  File "/home/nsteen/scripts/T1D_analysis/workflow/Snakefile", line 89, in __rule_TransformCorrect_cells_03_r
  File "/home/nsteen/data/conda/envs/snakemake_cluster/lib/python3.10/concurrent/futures/thread.py", line 58, in run
Shutting down, this might take some time.
Exiting because a job execution failed. Look above for error message
