Building DAG of jobs...
Using shell: /usr/bin/bash
Provided cluster nodes: 100
Job stats:
job                                 count    min threads    max threads
--------------------------------  -------  -------------  -------------
CellCategories_cells_05_r               2              8              8
CellCategories_cells_06_r               2              8              8
CellCategories_cells_07_r               1             48             48
CellCategories_cells_08_Immune_r        1             48             48
CellCategories_cells_08_Islet_r         1             48             48
ImportData_cells_01_r                   2              8              8
Measurements_04_py                      1              8              8
QualityControl_cells_04_r               2              8              8
Registration_05_py                      1              8              8
SpilloverCompensation_cells_02_r        2              8              8
TransformCorrect_cells_03_r             2              8              8
targets                                 1              1              1
total                                  18              1             48

Select jobs to execute...

[Sun Mar 17 13:23:38 2024]
rule Measurements_04_py:
    input: /scratch/nsteen/T1D_preprocessing/processing/04_Measurements.py
    output: /scratch/nsteen/processing/txt_output/04_Measurements.out
    jobid: 10
    reason: Missing output files: /scratch/nsteen/processing/txt_output/04_Measurements.out
    threads: 8
    resources: mem_mb=120000, disk_mb=1000, tmpdir=/sctmp/nsteen, time=10:00:00

Submitted job 10 with external jobid 'Submitted batch job 13640495'.
